mode: set
velarix/api/auth.go:26.38,27.51 1 0
velarix/api/auth.go:27.51,29.3 1 0
velarix/api/auth.go:30.2,30.20 1 0
velarix/api/auth.go:30.20,32.3 1 0
velarix/api/auth.go:33.2,33.75 1 0
velarix/api/auth.go:51.52,53.43 2 0
velarix/api/auth.go:53.43,55.3 1 0
velarix/api/auth.go:57.2,63.25 5 0
velarix/api/auth.go:66.66,68.21 2 0
velarix/api/auth.go:68.21,70.3 1 0
velarix/api/auth.go:72.2,74.16 3 0
velarix/api/auth.go:74.16,76.3 1 0
velarix/api/auth.go:78.2,79.16 2 0
velarix/api/auth.go:79.16,81.3 1 0
velarix/api/auth.go:83.2,84.16 2 0
velarix/api/auth.go:84.16,86.3 1 0
velarix/api/auth.go:88.2,90.67 2 0
velarix/api/auth.go:93.51,95.2 1 0
velarix/api/auth.go:97.57,98.20 1 0
velarix/api/auth.go:98.20,100.3 1 0
velarix/api/auth.go:101.2,102.27 2 0
velarix/api/auth.go:102.27,106.3 3 0
velarix/api/auth.go:107.2,107.16 1 0
velarix/api/auth.go:149.36,152.2 2 0
velarix/api/auth.go:154.35,155.15 1 0
velarix/api/auth.go:155.15,157.3 1 0
velarix/api/auth.go:158.2,159.18 2 0
velarix/api/auth.go:159.18,161.3 1 0
velarix/api/auth.go:162.2,162.16 1 0
velarix/api/auth.go:165.34,166.15 1 0
velarix/api/auth.go:166.15,168.3 1 0
velarix/api/auth.go:169.2,169.19 1 0
velarix/api/auth.go:169.19,171.3 1 0
velarix/api/auth.go:172.2,172.25 1 0
velarix/api/auth.go:183.44,191.2 1 0
velarix/api/auth.go:193.43,195.2 1 0
velarix/api/auth.go:197.56,199.20 2 0
velarix/api/auth.go:199.20,201.3 1 0
velarix/api/auth.go:202.2,203.23 2 0
velarix/api/auth.go:203.23,205.3 1 0
velarix/api/auth.go:206.2,222.24 3 0
velarix/api/auth.go:222.24,224.48 2 0
velarix/api/auth.go:224.48,226.4 1 0
velarix/api/auth.go:227.3,227.62 1 0
velarix/api/auth.go:229.2,229.79 1 0
velarix/api/auth.go:232.51,234.14 2 0
velarix/api/auth.go:234.14,236.3 1 0
velarix/api/auth.go:237.2,247.3 1 0
velarix/api/auth.go:250.43,252.16 2 1
velarix/api/auth.go:252.16,254.3 1 1
velarix/api/auth.go:255.2,255.21 1 0
velarix/api/auth.go:258.42,260.16 2 1
velarix/api/auth.go:260.16,262.3 1 0
velarix/api/auth.go:263.2,263.21 1 1
velarix/api/auth.go:277.73,278.99 1 0
velarix/api/auth.go:278.99,281.3 2 0
velarix/api/auth.go:283.2,284.62 2 0
velarix/api/auth.go:284.62,287.3 2 0
velarix/api/auth.go:288.2,289.22 2 0
velarix/api/auth.go:289.22,292.3 2 0
velarix/api/auth.go:293.2,293.59 1 0
velarix/api/auth.go:293.59,295.3 1 0
velarix/api/auth.go:296.2,296.55 1 0
velarix/api/auth.go:296.55,299.3 2 0
velarix/api/auth.go:301.2,302.16 2 0
velarix/api/auth.go:302.16,305.3 2 0
velarix/api/auth.go:307.2,309.50 3 0
velarix/api/auth.go:309.50,311.3 1 0
velarix/api/auth.go:313.2,333.54 6 0
velarix/api/auth.go:333.54,336.3 2 0
velarix/api/auth.go:338.2,338.47 1 0
velarix/api/auth.go:338.47,341.3 2 0
velarix/api/auth.go:343.2,345.79 2 0
velarix/api/auth.go:358.70,360.62 2 0
velarix/api/auth.go:360.62,363.3 2 0
velarix/api/auth.go:364.2,365.56 2 0
velarix/api/auth.go:365.56,367.3 1 0
velarix/api/auth.go:369.2,370.16 2 0
velarix/api/auth.go:370.16,373.3 2 0
velarix/api/auth.go:375.2,376.26 2 0
velarix/api/auth.go:376.26,379.3 2 0
velarix/api/auth.go:381.2,393.16 5 0
velarix/api/auth.go:393.16,396.3 2 0
velarix/api/auth.go:397.2,399.16 3 0
velarix/api/auth.go:399.16,402.3 2 0
velarix/api/auth.go:404.2,406.70 2 0
velarix/api/auth.go:409.71,412.2 2 0
velarix/api/auth.go:423.77,425.62 2 0
velarix/api/auth.go:425.62,428.3 2 0
velarix/api/auth.go:429.2,430.64 2 0
velarix/api/auth.go:430.64,432.3 1 0
velarix/api/auth.go:434.2,435.50 2 0
velarix/api/auth.go:435.50,438.3 2 0
velarix/api/auth.go:440.2,441.16 2 0
velarix/api/auth.go:441.16,444.3 2 0
velarix/api/auth.go:446.2,454.14 7 0
velarix/api/auth.go:454.14,455.67 1 0
velarix/api/auth.go:455.67,459.4 3 0
velarix/api/auth.go:460.3,463.9 2 0
velarix/api/auth.go:466.2,469.4 1 0
velarix/api/auth.go:482.77,484.62 2 0
velarix/api/auth.go:484.62,487.3 2 0
velarix/api/auth.go:488.2,489.64 2 0
velarix/api/auth.go:489.64,491.3 1 0
velarix/api/auth.go:493.2,494.16 2 0
velarix/api/auth.go:494.16,497.3 2 0
velarix/api/auth.go:499.2,499.117 1 0
velarix/api/auth.go:499.117,502.3 2 0
velarix/api/auth.go:504.2,510.47 7 0
velarix/api/auth.go:510.47,513.3 2 0
velarix/api/auth.go:514.2,516.78 2 0
velarix/api/auth.go:530.73,533.17 3 0
velarix/api/auth.go:533.17,536.3 2 0
velarix/api/auth.go:537.2,537.21 1 0
velarix/api/auth.go:537.21,540.3 2 0
velarix/api/auth.go:542.2,543.16 2 0
velarix/api/auth.go:543.16,546.3 2 0
velarix/api/auth.go:549.2,550.27 2 0
velarix/api/auth.go:550.27,552.53 2 0
velarix/api/auth.go:552.53,556.36 4 0
velarix/api/auth.go:556.36,558.5 1 0
velarix/api/auth.go:559.4,559.35 1 0
velarix/api/auth.go:559.35,561.5 1 0
velarix/api/auth.go:562.4,563.18 2 0
velarix/api/auth.go:567.2,567.13 1 0
velarix/api/auth.go:567.13,569.3 1 0
velarix/api/auth.go:571.2,572.30 2 0
velarix/api/auth.go:572.30,574.3 1 0
velarix/api/auth.go:575.2,575.34 1 0
velarix/api/auth.go:591.74,596.38 4 0
velarix/api/auth.go:596.38,599.3 2 0
velarix/api/auth.go:601.2,601.21 1 0
velarix/api/auth.go:601.21,604.3 2 0
velarix/api/auth.go:606.2,607.16 2 0
velarix/api/auth.go:607.16,610.3 2 0
velarix/api/auth.go:613.2,614.43 2 0
velarix/api/auth.go:614.43,616.3 1 0
velarix/api/auth.go:618.2,619.30 2 0
velarix/api/auth.go:619.30,621.15 2 0
velarix/api/auth.go:621.15,623.4 1 0
velarix/api/auth.go:624.3,624.30 1 0
velarix/api/auth.go:624.30,626.4 1 0
velarix/api/auth.go:627.3,627.18 1 0
velarix/api/auth.go:627.18,630.9 3 0
velarix/api/auth.go:634.2,634.12 1 0
velarix/api/auth.go:634.12,637.3 2 0
velarix/api/auth.go:639.2,639.47 1 0
velarix/api/auth.go:639.47,642.3 2 0
velarix/api/auth.go:644.2,645.43 2 0
velarix/api/auth.go:645.43,647.3 1 0
velarix/api/auth.go:649.2,660.73 5 0
velarix/api/auth.go:675.76,677.62 2 0
velarix/api/auth.go:677.62,680.3 2 0
velarix/api/auth.go:682.2,685.17 3 0
velarix/api/auth.go:685.17,688.3 2 0
velarix/api/auth.go:690.2,690.21 1 0
velarix/api/auth.go:690.21,693.3 2 0
velarix/api/auth.go:695.2,696.16 2 0
velarix/api/auth.go:696.16,699.3 2 0
velarix/api/auth.go:701.2,702.40 2 0
velarix/api/auth.go:702.40,705.3 2 0
velarix/api/auth.go:706.2,720.27 4 0
velarix/api/auth.go:720.27,722.3 1 0
velarix/api/auth.go:722.8,725.34 3 0
velarix/api/auth.go:725.34,727.16 2 0
velarix/api/auth.go:727.16,728.13 1 0
velarix/api/auth.go:730.4,730.20 1 0
velarix/api/auth.go:730.20,733.5 2 0
velarix/api/auth.go:734.4,734.40 1 0
velarix/api/auth.go:734.40,737.5 2 0
velarix/api/auth.go:738.4,738.19 1 0
velarix/api/auth.go:740.3,740.24 1 0
velarix/api/auth.go:740.24,742.4 1 0
velarix/api/auth.go:743.3,744.30 2 0
velarix/api/auth.go:744.30,746.4 1 0
velarix/api/auth.go:749.2,751.47 2 0
velarix/api/auth.go:751.47,754.3 2 0
velarix/api/auth.go:756.2,770.40 8 0
velarix/api/auth.go:786.74,791.38 4 0
velarix/api/auth.go:791.38,794.3 2 0
velarix/api/auth.go:796.2,796.21 1 0
velarix/api/auth.go:796.21,799.3 2 0
velarix/api/auth.go:801.2,802.16 2 0
velarix/api/auth.go:802.16,805.3 2 0
velarix/api/auth.go:807.2,808.43 2 0
velarix/api/auth.go:808.43,810.3 1 0
velarix/api/auth.go:812.2,815.30 4 0
velarix/api/auth.go:815.30,817.15 2 0
velarix/api/auth.go:817.15,819.4 1 0
velarix/api/auth.go:820.3,820.30 1 0
velarix/api/auth.go:820.30,822.4 1 0
velarix/api/auth.go:823.3,823.21 1 0
velarix/api/auth.go:823.21,824.19 1 0
velarix/api/auth.go:824.19,827.5 2 0
velarix/api/auth.go:828.4,832.9 5 0
velarix/api/auth.go:836.2,836.12 1 0
velarix/api/auth.go:836.12,839.3 2 0
velarix/api/auth.go:841.2,842.40 2 0
velarix/api/auth.go:842.40,845.3 2 0
velarix/api/auth.go:846.2,864.47 5 0
velarix/api/auth.go:864.47,867.3 2 0
velarix/api/auth.go:869.2,871.43 3 0
velarix/api/auth.go:871.43,873.3 1 0
velarix/api/auth.go:875.2,888.40 7 0
velarix/api/compliance_export.go:28.81,31.18 3 0
velarix/api/compliance_export.go:31.18,33.3 1 0
velarix/api/compliance_export.go:34.2,34.44 1 0
velarix/api/compliance_export.go:34.44,37.3 2 0
velarix/api/compliance_export.go:39.2,40.69 2 0
velarix/api/compliance_export.go:40.69,41.83 1 0
velarix/api/compliance_export.go:41.83,43.4 1 0
velarix/api/compliance_export.go:46.2,47.16 2 0
velarix/api/compliance_export.go:47.16,50.3 2 0
velarix/api/compliance_export.go:51.2,60.28 9 0
velarix/api/compliance_export.go:60.28,62.39 2 0
velarix/api/compliance_export.go:62.39,63.9 1 0
velarix/api/compliance_export.go:65.3,66.17 2 0
velarix/api/compliance_export.go:66.17,67.9 1 0
velarix/api/compliance_export.go:69.3,69.23 1 0
velarix/api/compliance_export.go:72.2,104.24 8 0
velarix/api/compliance_export.go:104.24,119.34 4 0
velarix/api/compliance_export.go:119.34,120.45 1 0
velarix/api/compliance_export.go:120.45,122.5 1 0
velarix/api/compliance_export.go:124.3,124.9 1 0
velarix/api/compliance_export.go:127.2,128.37 2 0
velarix/api/consistency_verifier.go:53.44,55.2 1 0
velarix/api/consistency_verifier.go:57.66,60.33 3 0
velarix/api/consistency_verifier.go:60.33,62.3 1 0
velarix/api/consistency_verifier.go:63.2,64.19 2 0
velarix/api/consistency_verifier.go:64.19,66.3 1 0
velarix/api/consistency_verifier.go:67.2,72.3 1 0
velarix/api/consistency_verifier.go:75.107,78.23 3 0
velarix/api/consistency_verifier.go:78.23,79.43 1 0
velarix/api/consistency_verifier.go:79.43,81.4 1 0
velarix/api/consistency_verifier.go:83.2,83.29 1 0
velarix/api/consistency_verifier.go:83.29,84.28 1 0
velarix/api/consistency_verifier.go:84.28,85.12 1 0
velarix/api/consistency_verifier.go:87.3,89.10 3 0
velarix/api/consistency_verifier.go:89.10,90.12 1 0
velarix/api/consistency_verifier.go:92.3,92.54 1 0
velarix/api/consistency_verifier.go:92.54,93.12 1 0
velarix/api/consistency_verifier.go:95.3,95.30 1 0
velarix/api/consistency_verifier.go:98.2,99.34 2 0
velarix/api/consistency_verifier.go:99.34,100.39 1 0
velarix/api/consistency_verifier.go:100.39,104.58 4 0
velarix/api/consistency_verifier.go:104.58,105.13 1 0
velarix/api/consistency_verifier.go:107.4,107.84 1 0
velarix/api/consistency_verifier.go:110.2,110.40 1 0
velarix/api/consistency_verifier.go:110.40,111.39 1 0
velarix/api/consistency_verifier.go:111.39,112.44 1 0
velarix/api/consistency_verifier.go:112.44,114.5 1 0
velarix/api/consistency_verifier.go:115.4,115.46 1 0
velarix/api/consistency_verifier.go:117.3,117.41 1 0
velarix/api/consistency_verifier.go:119.2,119.19 1 0
velarix/api/consistency_verifier.go:119.19,121.3 1 0
velarix/api/consistency_verifier.go:122.2,122.27 1 0
velarix/api/consistency_verifier.go:122.27,124.3 1 0
velarix/api/consistency_verifier.go:125.2,125.14 1 0
velarix/api/consistency_verifier.go:128.50,129.26 1 0
velarix/api/consistency_verifier.go:129.26,131.3 1 0
velarix/api/consistency_verifier.go:132.2,132.68 1 0
velarix/api/consistency_verifier.go:132.68,134.23 2 0
velarix/api/consistency_verifier.go:134.23,135.44 1 0
velarix/api/consistency_verifier.go:135.44,137.5 1 0
velarix/api/consistency_verifier.go:139.3,140.23 2 0
velarix/api/consistency_verifier.go:140.23,141.44 1 0
velarix/api/consistency_verifier.go:141.44,143.5 1 0
velarix/api/consistency_verifier.go:145.3,145.27 1 0
velarix/api/consistency_verifier.go:145.27,147.4 1 0
velarix/api/consistency_verifier.go:149.2,149.14 1 0
velarix/api/consistency_verifier.go:152.43,153.14 1 0
velarix/api/consistency_verifier.go:153.14,155.3 1 0
velarix/api/consistency_verifier.go:156.2,161.20 2 0
velarix/api/consistency_verifier.go:164.100,180.16 3 0
velarix/api/consistency_verifier.go:180.16,182.3 1 0
velarix/api/consistency_verifier.go:184.2,185.16 2 0
velarix/api/consistency_verifier.go:185.16,187.3 1 0
velarix/api/consistency_verifier.go:188.2,192.16 4 0
velarix/api/consistency_verifier.go:192.16,194.33 2 0
velarix/api/consistency_verifier.go:194.33,196.4 1 0
velarix/api/consistency_verifier.go:197.3,197.67 1 0
velarix/api/consistency_verifier.go:199.2,200.28 2 0
velarix/api/consistency_verifier.go:200.28,205.3 1 0
velarix/api/consistency_verifier.go:207.2,208.67 2 0
velarix/api/consistency_verifier.go:208.67,210.3 1 0
velarix/api/consistency_verifier.go:211.2,211.30 1 0
velarix/api/consistency_verifier.go:211.30,213.3 1 0
velarix/api/consistency_verifier.go:214.2,216.66 3 0
velarix/api/consistency_verifier.go:216.66,218.3 1 0
velarix/api/consistency_verifier.go:219.2,220.22 2 0
velarix/api/consistency_verifier.go:227.98,229.38 2 0
velarix/api/consistency_verifier.go:229.38,231.3 1 0
velarix/api/consistency_verifier.go:233.2,234.82 2 0
velarix/api/consistency_verifier.go:234.82,235.81 1 0
velarix/api/consistency_verifier.go:235.81,237.4 1 0
velarix/api/consistency_verifier.go:240.2,241.38 2 0
velarix/api/consistency_verifier.go:241.38,242.30 1 0
velarix/api/consistency_verifier.go:242.30,243.12 1 0
velarix/api/consistency_verifier.go:245.3,247.63 3 0
velarix/api/consistency_verifier.go:250.2,251.29 2 0
velarix/api/consistency_verifier.go:251.29,252.60 1 0
velarix/api/consistency_verifier.go:252.60,253.12 1 0
velarix/api/consistency_verifier.go:255.3,256.17 2 0
velarix/api/consistency_verifier.go:256.17,260.30 3 0
velarix/api/consistency_verifier.go:260.30,262.5 1 0
velarix/api/consistency_verifier.go:263.4,272.12 3 0
velarix/api/consistency_verifier.go:274.3,274.57 1 0
velarix/api/consistency_verifier.go:274.57,275.12 1 0
velarix/api/consistency_verifier.go:277.3,288.5 1 0
velarix/api/consistency_verifier.go:290.2,290.40 1 0
velarix/api/console_contracts.go:26.67,32.2 1 1
velarix/api/console_contracts.go:34.71,37.16 3 1
velarix/api/console_contracts.go:37.16,40.3 2 0
velarix/api/console_contracts.go:41.2,41.34 1 1
velarix/api/console_contracts.go:49.73,50.31 1 0
velarix/api/console_contracts.go:50.31,53.3 2 0
velarix/api/console_contracts.go:54.2,56.16 3 0
velarix/api/console_contracts.go:56.16,59.3 2 0
velarix/api/console_contracts.go:61.2,62.62 2 0
velarix/api/console_contracts.go:62.62,65.3 2 0
velarix/api/console_contracts.go:66.2,66.22 1 0
velarix/api/console_contracts.go:66.22,68.14 2 0
velarix/api/console_contracts.go:68.14,71.4 2 0
velarix/api/console_contracts.go:72.3,72.15 1 0
velarix/api/console_contracts.go:74.2,74.29 1 0
velarix/api/console_contracts.go:74.29,76.3 1 0
velarix/api/console_contracts.go:77.2,77.54 1 0
velarix/api/console_contracts.go:77.54,80.3 2 0
velarix/api/console_contracts.go:81.2,81.34 1 0
velarix/api/console_contracts.go:84.80,89.16 5 0
velarix/api/console_contracts.go:89.16,92.3 2 0
velarix/api/console_contracts.go:93.2,93.90 1 0
velarix/api/console_contracts.go:96.32,100.2 3 0
velarix/api/console_contracts.go:102.90,103.17 1 0
velarix/api/console_contracts.go:103.17,105.3 1 0
velarix/api/console_contracts.go:106.2,113.40 2 0
velarix/api/console_contracts.go:116.82,121.16 5 0
velarix/api/console_contracts.go:121.16,124.3 2 0
velarix/api/console_contracts.go:125.2,125.90 1 0
velarix/api/console_contracts.go:128.85,131.14 3 0
velarix/api/console_contracts.go:131.14,134.3 2 0
velarix/api/console_contracts.go:135.2,135.64 1 0
velarix/api/console_contracts.go:135.64,138.3 2 0
velarix/api/console_contracts.go:139.2,139.66 1 0
velarix/api/console_contracts.go:149.81,152.16 3 0
velarix/api/console_contracts.go:152.16,155.3 2 0
velarix/api/console_contracts.go:156.2,156.39 1 0
velarix/api/console_contracts.go:156.39,156.87 1 0
velarix/api/console_contracts.go:157.2,157.35 1 0
velarix/api/console_contracts.go:160.82,161.31 1 0
velarix/api/console_contracts.go:161.31,164.3 2 0
velarix/api/console_contracts.go:165.2,167.62 3 0
velarix/api/console_contracts.go:167.62,170.3 2 0
velarix/api/console_contracts.go:171.2,173.40 3 0
velarix/api/console_contracts.go:173.40,176.3 2 0
velarix/api/console_contracts.go:177.2,187.62 3 0
velarix/api/console_contracts.go:187.62,190.3 2 0
velarix/api/console_contracts.go:191.2,191.41 1 0
velarix/api/console_contracts.go:200.81,201.31 1 0
velarix/api/console_contracts.go:201.31,204.3 2 0
velarix/api/console_contracts.go:205.2,208.16 4 0
velarix/api/console_contracts.go:208.16,211.3 2 0
velarix/api/console_contracts.go:212.2,213.62 2 0
velarix/api/console_contracts.go:213.62,216.3 2 0
velarix/api/console_contracts.go:217.2,217.22 1 0
velarix/api/console_contracts.go:217.22,219.14 2 0
velarix/api/console_contracts.go:219.14,222.4 2 0
velarix/api/console_contracts.go:223.3,223.17 1 0
velarix/api/console_contracts.go:225.2,225.25 1 0
velarix/api/console_contracts.go:225.25,227.3 1 0
velarix/api/console_contracts.go:228.2,228.24 1 0
velarix/api/console_contracts.go:228.24,230.3 1 0
velarix/api/console_contracts.go:231.2,232.62 2 0
velarix/api/console_contracts.go:232.62,235.3 2 0
velarix/api/console_contracts.go:236.2,236.36 1 0
velarix/api/console_contracts.go:239.82,240.31 1 0
velarix/api/console_contracts.go:240.31,243.3 2 0
velarix/api/console_contracts.go:244.2,246.61 3 0
velarix/api/console_contracts.go:246.61,249.3 2 0
velarix/api/console_contracts.go:250.2,250.69 1 0
velarix/api/console_contracts.go:253.74,257.16 4 0
velarix/api/console_contracts.go:257.16,260.3 2 0
velarix/api/console_contracts.go:261.2,261.37 1 0
velarix/api/console_contracts.go:264.76,268.38 4 0
velarix/api/console_contracts.go:268.38,271.3 2 0
velarix/api/console_contracts.go:273.2,275.31 3 0
velarix/api/console_contracts.go:275.31,277.3 1 0
velarix/api/console_contracts.go:278.2,281.45 4 0
velarix/api/console_contracts.go:281.45,282.61 1 0
velarix/api/console_contracts.go:282.61,284.4 1 0
velarix/api/console_contracts.go:286.2,286.43 1 0
velarix/api/console_contracts.go:286.43,287.61 1 0
velarix/api/console_contracts.go:287.61,289.4 1 0
velarix/api/console_contracts.go:292.2,293.16 2 0
velarix/api/console_contracts.go:293.16,296.3 2 0
velarix/api/console_contracts.go:297.2,297.92 1 0
velarix/api/console_contracts.go:305.78,308.79 3 0
velarix/api/console_contracts.go:308.79,309.30 1 0
velarix/api/console_contracts.go:309.30,311.4 1 0
velarix/api/console_contracts.go:312.3,312.42 1 0
velarix/api/console_contracts.go:312.42,314.4 1 0
velarix/api/console_contracts.go:315.3,318.13 4 0
velarix/api/console_contracts.go:320.2,320.40 1 0
velarix/api/console_contracts.go:320.40,320.80 1 0
velarix/api/console_contracts.go:321.2,321.36 1 0
velarix/api/console_contracts.go:324.76,326.16 2 0
velarix/api/console_contracts.go:326.16,329.3 2 0
velarix/api/console_contracts.go:330.2,332.16 3 0
velarix/api/console_contracts.go:332.16,335.3 2 0
velarix/api/console_contracts.go:336.2,336.84 1 0
velarix/api/console_contracts.go:344.79,346.17 2 0
velarix/api/console_contracts.go:346.17,349.3 2 0
velarix/api/console_contracts.go:350.2,351.62 2 0
velarix/api/console_contracts.go:351.62,354.3 2 0
velarix/api/console_contracts.go:355.2,355.31 1 0
velarix/api/console_contracts.go:355.31,358.3 2 0
velarix/api/console_contracts.go:360.2,361.16 2 0
velarix/api/console_contracts.go:361.16,364.3 2 0
velarix/api/console_contracts.go:365.2,366.26 2 0
velarix/api/console_contracts.go:366.26,369.3 2 0
velarix/api/console_contracts.go:370.2,371.16 2 0
velarix/api/console_contracts.go:371.16,374.3 2 0
velarix/api/console_contracts.go:375.2,376.47 2 0
velarix/api/console_contracts.go:376.47,379.3 2 0
velarix/api/console_contracts.go:380.2,380.78 1 0
velarix/api/console_contracts.go:383.78,385.17 2 0
velarix/api/console_contracts.go:385.17,388.3 2 0
velarix/api/console_contracts.go:389.2,390.16 2 0
velarix/api/console_contracts.go:390.16,393.3 2 0
velarix/api/console_contracts.go:394.2,394.28 1 0
velarix/api/console_contracts.go:394.28,396.3 1 0
velarix/api/console_contracts.go:397.2,397.46 1 0
velarix/api/console_contracts.go:400.81,402.17 2 0
velarix/api/console_contracts.go:402.17,405.3 2 0
velarix/api/console_contracts.go:406.2,407.16 2 0
velarix/api/console_contracts.go:407.16,410.3 2 0
velarix/api/console_contracts.go:411.2,412.62 2 0
velarix/api/console_contracts.go:412.62,415.3 2 0
velarix/api/console_contracts.go:416.2,416.28 1 0
velarix/api/console_contracts.go:416.28,418.3 1 0
velarix/api/console_contracts.go:419.2,419.25 1 0
velarix/api/console_contracts.go:419.25,421.3 1 0
velarix/api/console_contracts.go:422.2,422.47 1 0
velarix/api/console_contracts.go:422.47,425.3 2 0
velarix/api/console_contracts.go:426.2,426.46 1 0
velarix/api/console_contracts.go:446.73,450.16 4 0
velarix/api/console_contracts.go:450.16,453.3 2 0
velarix/api/console_contracts.go:454.2,455.38 2 0
velarix/api/console_contracts.go:455.38,457.3 1 0
velarix/api/console_contracts.go:459.2,460.27 2 0
velarix/api/console_contracts.go:460.27,462.3 1 0
velarix/api/console_contracts.go:464.2,467.26 4 0
velarix/api/console_contracts.go:467.26,469.42 2 0
velarix/api/console_contracts.go:469.42,470.30 1 0
velarix/api/console_contracts.go:470.30,473.5 2 0
velarix/api/console_contracts.go:478.2,480.26 3 0
velarix/api/console_contracts.go:480.26,481.15 1 0
velarix/api/console_contracts.go:481.15,484.4 2 0
velarix/api/console_contracts.go:486.2,486.21 1 0
velarix/api/console_contracts.go:486.21,490.46 4 0
velarix/api/console_contracts.go:490.46,491.59 1 0
velarix/api/console_contracts.go:491.59,492.13 1 0
velarix/api/console_contracts.go:494.4,495.32 2 0
velarix/api/console_contracts.go:498.2,500.26 3 0
velarix/api/console_contracts.go:500.26,503.19 3 0
velarix/api/console_contracts.go:503.19,505.4 1 0
velarix/api/console_contracts.go:507.2,507.33 1 0
velarix/api/console_contracts.go:507.33,509.3 1 0
velarix/api/console_contracts.go:510.2,511.33 2 0
velarix/api/console_contracts.go:511.33,513.20 2 0
velarix/api/console_contracts.go:513.20,514.12 1 0
velarix/api/console_contracts.go:516.3,516.26 1 0
velarix/api/console_contracts.go:516.26,520.4 3 0
velarix/api/console_contracts.go:522.2,522.23 1 0
velarix/api/console_contracts.go:522.23,525.36 3 0
velarix/api/console_contracts.go:525.36,528.4 2 0
velarix/api/console_contracts.go:530.2,530.72 1 0
velarix/api/console_contracts.go:542.74,545.17 3 0
velarix/api/console_contracts.go:545.17,548.3 2 0
velarix/api/console_contracts.go:549.2,557.101 2 0
velarix/api/console_contracts.go:557.101,559.3 1 0
velarix/api/console_contracts.go:560.2,561.16 2 0
velarix/api/console_contracts.go:561.16,564.3 2 0
velarix/api/console_contracts.go:565.2,566.28 2 0
velarix/api/console_contracts.go:566.28,568.3 1 0
velarix/api/console_contracts.go:569.2,569.92 1 0
velarix/api/console_contracts.go:572.76,581.16 8 0
velarix/api/console_contracts.go:581.16,584.3 2 0
velarix/api/console_contracts.go:585.2,587.27 3 0
velarix/api/console_contracts.go:587.27,588.48 1 0
velarix/api/console_contracts.go:588.48,590.12 2 0
velarix/api/console_contracts.go:592.3,592.34 1 0
velarix/api/console_contracts.go:594.2,594.15 1 0
velarix/api/console_contracts.go:594.15,596.3 1 0
velarix/api/console_contracts.go:597.2,597.93 1 0
velarix/api/console_contracts.go:600.79,609.16 8 0
velarix/api/console_contracts.go:609.16,612.3 2 0
velarix/api/console_contracts.go:613.2,615.27 3 0
velarix/api/console_contracts.go:615.27,616.48 1 0
velarix/api/console_contracts.go:616.48,618.12 2 0
velarix/api/console_contracts.go:620.3,620.34 1 0
velarix/api/console_contracts.go:622.2,622.15 1 0
velarix/api/console_contracts.go:622.15,624.3 1 0
velarix/api/console_contracts.go:625.2,625.93 1 0
velarix/api/console_contracts.go:634.78,645.66 9 0
velarix/api/console_contracts.go:645.66,648.3 2 0
velarix/api/console_contracts.go:649.2,651.47 3 0
velarix/api/console_contracts.go:651.47,653.3 1 0
velarix/api/console_contracts.go:654.2,658.120 4 0
velarix/api/console_contracts.go:666.77,669.21 3 0
velarix/api/console_contracts.go:669.21,672.3 2 0
velarix/api/console_contracts.go:673.2,674.38 2 0
velarix/api/console_contracts.go:674.38,677.3 2 0
velarix/api/console_contracts.go:678.2,679.62 2 0
velarix/api/console_contracts.go:679.62,682.3 2 0
velarix/api/console_contracts.go:683.2,685.32 3 0
velarix/api/console_contracts.go:685.32,686.27 1 0
velarix/api/console_contracts.go:686.27,688.9 2 0
velarix/api/console_contracts.go:691.2,693.22 3 0
velarix/api/console_contracts.go:693.22,695.3 1 0
velarix/api/console_contracts.go:696.2,696.29 1 0
velarix/api/console_contracts.go:696.29,698.3 1 0
velarix/api/console_contracts.go:699.2,699.89 1 0
velarix/api/console_contracts.go:699.89,702.3 2 0
velarix/api/console_contracts.go:703.2,703.107 1 0
velarix/api/console_contracts.go:706.78,709.21 3 0
velarix/api/console_contracts.go:709.21,712.3 2 0
velarix/api/console_contracts.go:713.2,714.38 2 0
velarix/api/console_contracts.go:714.38,717.3 2 0
velarix/api/console_contracts.go:718.2,718.67 1 0
velarix/api/console_contracts.go:718.67,721.3 2 0
velarix/api/console_contracts.go:722.2,736.87 9 0
velarix/api/console_contracts.go:740.82,744.16 4 0
velarix/api/console_contracts.go:744.16,747.3 2 0
velarix/api/console_contracts.go:748.2,755.4 2 0
velarix/api/console_contracts.go:761.79,764.16 3 0
velarix/api/console_contracts.go:764.16,767.3 2 0
velarix/api/console_contracts.go:768.2,768.25 1 0
velarix/api/console_contracts.go:768.25,770.3 1 0
velarix/api/console_contracts.go:772.2,772.59 1 0
velarix/api/console_contracts.go:772.59,774.3 1 0
velarix/api/console_contracts.go:775.2,775.62 1 0
velarix/api/console_contracts.go:775.62,777.3 1 0
velarix/api/console_contracts.go:778.2,778.64 1 0
velarix/api/console_contracts.go:778.64,780.3 1 0
velarix/api/console_contracts.go:781.2,781.50 1 0
velarix/api/console_contracts.go:781.50,783.3 1 0
velarix/api/console_contracts.go:784.2,784.61 1 0
velarix/api/console_contracts.go:784.61,786.3 1 0
velarix/api/console_contracts.go:787.2,787.43 1 0
velarix/api/console_contracts.go:790.81,791.31 1 0
velarix/api/console_contracts.go:791.31,794.3 2 0
velarix/api/console_contracts.go:795.2,797.16 3 0
velarix/api/console_contracts.go:797.16,800.3 2 0
velarix/api/console_contracts.go:801.2,802.62 2 0
velarix/api/console_contracts.go:802.62,805.3 2 0
velarix/api/console_contracts.go:806.2,806.25 1 0
velarix/api/console_contracts.go:806.25,808.3 1 0
velarix/api/console_contracts.go:809.2,816.22 2 0
velarix/api/console_contracts.go:816.22,817.18 1 0
velarix/api/console_contracts.go:817.18,820.4 2 0
velarix/api/console_contracts.go:823.2,823.120 1 0
velarix/api/console_contracts.go:823.120,824.29 1 0
velarix/api/console_contracts.go:824.29,826.32 2 0
velarix/api/console_contracts.go:826.32,829.5 2 0
velarix/api/console_contracts.go:832.2,832.78 1 0
velarix/api/console_contracts.go:832.78,833.29 1 0
velarix/api/console_contracts.go:833.29,835.34 2 0
velarix/api/console_contracts.go:835.34,838.5 2 0
velarix/api/console_contracts.go:841.2,841.25 1 0
velarix/api/console_contracts.go:841.25,843.3 1 0
velarix/api/console_contracts.go:844.2,844.54 1 0
velarix/api/console_contracts.go:844.54,847.3 2 0
velarix/api/console_contracts.go:848.2,848.43 1 0
velarix/api/console_contracts.go:851.39,852.23 1 0
velarix/api/console_contracts.go:853.15,854.22 1 0
velarix/api/console_contracts.go:855.11,856.17 1 0
velarix/api/console_contracts.go:857.13,858.22 1 0
velarix/api/console_contracts.go:859.19,861.28 2 0
velarix/api/console_contracts.go:862.10,863.18 1 0
velarix/api/console_contracts.go:867.70,868.39 1 0
velarix/api/console_contracts.go:868.39,870.3 1 0
velarix/api/console_contracts.go:871.2,872.9 2 0
velarix/api/console_contracts.go:872.9,874.3 1 0
velarix/api/console_contracts.go:875.2,875.27 1 0
velarix/api/console_contracts.go:875.27,877.3 1 0
velarix/api/console_contracts.go:878.2,878.12 1 0
velarix/api/console_contracts.go:881.75,884.16 3 0
velarix/api/console_contracts.go:884.16,893.3 2 0
velarix/api/console_contracts.go:894.2,894.34 1 0
velarix/api/console_contracts.go:903.77,904.31 1 0
velarix/api/console_contracts.go:904.31,907.3 2 0
velarix/api/console_contracts.go:908.2,910.16 3 0
velarix/api/console_contracts.go:910.16,912.3 1 0
velarix/api/console_contracts.go:913.2,914.62 2 0
velarix/api/console_contracts.go:914.62,917.3 2 0
velarix/api/console_contracts.go:918.2,918.22 1 0
velarix/api/console_contracts.go:918.22,920.3 1 0
velarix/api/console_contracts.go:921.2,921.24 1 0
velarix/api/console_contracts.go:921.24,923.3 1 0
velarix/api/console_contracts.go:924.2,924.30 1 0
velarix/api/console_contracts.go:924.30,926.3 1 0
velarix/api/console_contracts.go:927.2,928.56 2 0
velarix/api/console_contracts.go:928.56,931.3 2 0
velarix/api/console_contracts.go:932.2,932.34 1 0
velarix/api/console_contracts.go:935.77,936.31 1 0
velarix/api/console_contracts.go:936.31,939.3 2 0
velarix/api/console_contracts.go:940.2,942.16 3 0
velarix/api/console_contracts.go:942.16,945.3 2 0
velarix/api/console_contracts.go:946.2,946.70 1 0
velarix/api/console_contracts.go:964.63,974.2 1 0
velarix/api/console_contracts.go:976.81,977.31 1 0
velarix/api/console_contracts.go:977.31,980.3 2 0
velarix/api/console_contracts.go:981.2,983.62 3 0
velarix/api/console_contracts.go:983.62,986.3 2 0
velarix/api/console_contracts.go:987.2,988.22 2 0
velarix/api/console_contracts.go:988.22,991.3 2 0
velarix/api/console_contracts.go:992.2,993.16 2 0
velarix/api/console_contracts.go:993.16,995.3 1 0
velarix/api/console_contracts.go:996.2,996.62 1 0
velarix/api/console_contracts.go:996.62,999.3 2 0
velarix/api/console_contracts.go:1000.2,1010.59 4 0
velarix/api/console_contracts.go:1010.59,1013.3 2 0
velarix/api/console_contracts.go:1014.2,1029.4 2 0
velarix/api/console_contracts.go:1032.80,1033.31 1 0
velarix/api/console_contracts.go:1033.31,1036.3 2 0
velarix/api/console_contracts.go:1037.2,1039.16 3 0
velarix/api/console_contracts.go:1039.16,1042.3 2 0
velarix/api/console_contracts.go:1043.2,1044.22 2 0
velarix/api/console_contracts.go:1044.22,1046.3 1 0
velarix/api/console_contracts.go:1047.2,1047.69 1 0
velarix/api/console_contracts.go:1050.81,1051.31 1 0
velarix/api/console_contracts.go:1051.31,1054.3 2 0
velarix/api/console_contracts.go:1055.2,1058.16 4 0
velarix/api/console_contracts.go:1058.16,1061.3 2 0
velarix/api/console_contracts.go:1062.2,1063.61 2 0
velarix/api/console_contracts.go:1063.61,1066.3 2 0
velarix/api/console_contracts.go:1067.2,1077.113 2 0
velarix/api/console_contracts.go:1085.81,1087.62 2 0
velarix/api/console_contracts.go:1087.62,1090.3 2 0
velarix/api/console_contracts.go:1091.2,1091.48 1 0
velarix/api/console_contracts.go:1091.48,1094.3 2 0
velarix/api/console_contracts.go:1095.2,1096.30 2 0
velarix/api/console_contracts.go:1096.30,1099.3 2 0
velarix/api/console_contracts.go:1100.2,1101.70 2 0
velarix/api/console_contracts.go:1101.70,1115.3 3 0
velarix/api/console_contracts.go:1116.2,1116.72 1 0
velarix/api/console_contracts.go:1116.72,1119.3 2 0
velarix/api/console_contracts.go:1121.2,1122.16 2 0
velarix/api/console_contracts.go:1122.16,1125.3 2 0
velarix/api/console_contracts.go:1126.2,1133.47 2 0
velarix/api/console_contracts.go:1133.47,1136.3 2 0
velarix/api/console_contracts.go:1137.2,1150.70 4 0
velarix/api/console_contracts.go:1158.76,1161.16 3 0
velarix/api/console_contracts.go:1161.16,1164.3 2 0
velarix/api/console_contracts.go:1165.2,1165.68 1 0
velarix/api/console_contracts.go:1168.77,1171.62 3 0
velarix/api/console_contracts.go:1171.62,1174.3 2 0
velarix/api/console_contracts.go:1175.2,1177.43 3 0
velarix/api/console_contracts.go:1177.43,1180.3 2 0
velarix/api/console_contracts.go:1181.2,1191.53 3 0
velarix/api/console_contracts.go:1191.53,1194.3 2 0
velarix/api/console_contracts.go:1195.2,1195.37 1 0
velarix/api/console_contracts.go:1202.76,1206.16 4 0
velarix/api/console_contracts.go:1206.16,1209.3 2 0
velarix/api/console_contracts.go:1210.2,1211.62 2 0
velarix/api/console_contracts.go:1211.62,1214.3 2 0
velarix/api/console_contracts.go:1215.2,1215.24 1 0
velarix/api/console_contracts.go:1215.24,1217.37 2 0
velarix/api/console_contracts.go:1217.37,1220.4 2 0
velarix/api/console_contracts.go:1221.3,1221.16 1 0
velarix/api/console_contracts.go:1223.2,1224.53 2 0
velarix/api/console_contracts.go:1224.53,1227.3 2 0
velarix/api/console_contracts.go:1228.2,1228.32 1 0
velarix/api/console_contracts.go:1231.77,1234.16 3 0
velarix/api/console_contracts.go:1234.16,1237.3 2 0
velarix/api/console_contracts.go:1238.2,1238.68 1 0
velarix/api/console_contracts.go:1247.77,1248.31 1 0
velarix/api/console_contracts.go:1248.31,1251.3 2 0
velarix/api/console_contracts.go:1252.2,1254.62 3 0
velarix/api/console_contracts.go:1254.62,1257.3 2 0
velarix/api/console_contracts.go:1258.2,1259.21 2 0
velarix/api/console_contracts.go:1259.21,1262.3 2 0
velarix/api/console_contracts.go:1263.2,1272.53 3 0
velarix/api/console_contracts.go:1272.53,1275.3 2 0
velarix/api/console_contracts.go:1276.2,1276.37 1 0
velarix/api/console_contracts.go:1285.76,1286.31 1 0
velarix/api/console_contracts.go:1286.31,1289.3 2 0
velarix/api/console_contracts.go:1290.2,1293.16 4 0
velarix/api/console_contracts.go:1293.16,1296.3 2 0
velarix/api/console_contracts.go:1297.2,1298.62 2 0
velarix/api/console_contracts.go:1298.62,1301.3 2 0
velarix/api/console_contracts.go:1302.2,1302.22 1 0
velarix/api/console_contracts.go:1302.22,1304.14 2 0
velarix/api/console_contracts.go:1304.14,1307.4 2 0
velarix/api/console_contracts.go:1308.3,1308.13 1 0
velarix/api/console_contracts.go:1310.2,1310.25 1 0
velarix/api/console_contracts.go:1310.25,1312.3 1 0
velarix/api/console_contracts.go:1313.2,1313.23 1 0
velarix/api/console_contracts.go:1313.23,1315.3 1 0
velarix/api/console_contracts.go:1316.2,1317.53 2 0
velarix/api/console_contracts.go:1317.53,1320.3 2 0
velarix/api/console_contracts.go:1321.2,1321.32 1 0
velarix/api/console_contracts.go:1324.77,1325.31 1 0
velarix/api/console_contracts.go:1325.31,1328.3 2 0
velarix/api/console_contracts.go:1329.2,1331.56 3 0
velarix/api/console_contracts.go:1331.56,1334.3 2 0
velarix/api/console_contracts.go:1335.2,1335.69 1 0
velarix/api/console_contracts.go:1338.75,1340.2 1 1
velarix/api/console_contracts.go:1342.77,1344.2 1 1
velarix/api/decision_contracts.go:35.29,39.2 3 0
velarix/api/decision_contracts.go:41.61,42.41 1 0
velarix/api/decision_contracts.go:42.41,44.3 1 0
velarix/api/decision_contracts.go:45.2,45.46 1 0
velarix/api/decision_contracts.go:45.46,47.3 1 0
velarix/api/decision_contracts.go:48.2,48.11 1 0
velarix/api/decision_contracts.go:51.76,72.2 2 0
velarix/api/decision_contracts.go:74.116,75.17 1 0
velarix/api/decision_contracts.go:75.17,77.3 1 0
velarix/api/decision_contracts.go:78.2,92.3 2 0
velarix/api/decision_contracts.go:95.120,97.19 2 0
velarix/api/decision_contracts.go:97.19,99.3 1 0
velarix/api/decision_contracts.go:100.2,110.3 1 0
velarix/api/decision_contracts.go:113.46,116.27 3 0
velarix/api/decision_contracts.go:116.27,118.14 2 0
velarix/api/decision_contracts.go:118.14,119.12 1 0
velarix/api/decision_contracts.go:121.3,121.27 1 0
velarix/api/decision_contracts.go:121.27,122.12 1 0
velarix/api/decision_contracts.go:124.3,125.23 2 0
velarix/api/decision_contracts.go:127.2,128.12 2 0
velarix/api/decision_contracts.go:131.151,132.21 1 0
velarix/api/decision_contracts.go:132.21,134.3 1 0
velarix/api/decision_contracts.go:135.2,135.54 1 0
velarix/api/decision_contracts.go:135.54,137.17 2 0
velarix/api/decision_contracts.go:137.17,139.4 1 0
velarix/api/decision_contracts.go:140.3,140.22 1 0
velarix/api/decision_contracts.go:142.2,144.39 3 0
velarix/api/decision_contracts.go:144.39,161.3 3 0
velarix/api/decision_contracts.go:162.2,162.18 1 0
velarix/api/decision_contracts.go:165.45,166.27 1 0
velarix/api/decision_contracts.go:166.27,167.33 1 0
velarix/api/decision_contracts.go:167.33,169.4 1 0
velarix/api/decision_contracts.go:171.2,171.11 1 0
velarix/api/decision_contracts.go:174.54,175.21 1 0
velarix/api/decision_contracts.go:175.21,177.3 1 0
velarix/api/decision_contracts.go:178.2,178.28 1 0
velarix/api/decision_contracts.go:178.28,180.3 1 0
velarix/api/decision_contracts.go:181.2,181.27 1 0
velarix/api/decision_contracts.go:184.122,185.37 1 0
velarix/api/decision_contracts.go:185.37,187.3 1 0
velarix/api/decision_contracts.go:188.2,204.16 4 0
velarix/api/decision_contracts.go:204.16,206.3 1 0
velarix/api/decision_contracts.go:207.2,207.83 1 0
velarix/api/decision_contracts.go:210.81,212.15 2 0
velarix/api/decision_contracts.go:212.15,214.3 1 0
velarix/api/decision_contracts.go:215.2,217.16 3 0
velarix/api/decision_contracts.go:217.16,219.3 1 0
velarix/api/decision_contracts.go:220.2,220.93 1 0
velarix/api/decision_contracts.go:220.93,221.58 1 0
velarix/api/decision_contracts.go:221.58,223.4 1 0
velarix/api/decision_contracts.go:224.3,224.25 1 0
velarix/api/decision_contracts.go:226.2,226.16 1 0
velarix/api/decision_contracts.go:226.16,228.3 1 0
velarix/api/decision_contracts.go:229.2,229.18 1 0
velarix/api/decision_contracts.go:229.18,231.3 1 0
velarix/api/decision_contracts.go:232.2,232.20 1 0
velarix/api/decision_contracts.go:235.140,246.27 2 0
velarix/api/decision_contracts.go:246.27,249.47 3 0
velarix/api/decision_contracts.go:249.47,251.4 1 0
velarix/api/decision_contracts.go:252.3,255.56 3 0
velarix/api/decision_contracts.go:255.56,258.26 3 0
velarix/api/decision_contracts.go:258.26,260.5 1 0
velarix/api/decision_contracts.go:261.4,275.12 3 0
velarix/api/decision_contracts.go:277.3,277.25 1 0
velarix/api/decision_contracts.go:277.25,293.4 3 0
velarix/api/decision_contracts.go:296.2,297.27 2 0
velarix/api/decision_contracts.go:297.27,298.79 1 0
velarix/api/decision_contracts.go:298.79,300.4 1 0
velarix/api/decision_contracts.go:302.2,302.36 1 0
velarix/api/decision_contracts.go:302.36,303.23 1 0
velarix/api/decision_contracts.go:303.23,305.4 1 0
velarix/api/decision_contracts.go:305.9,307.4 1 0
velarix/api/decision_contracts.go:309.2,309.14 1 0
velarix/api/decision_contracts.go:312.107,313.18 1 0
velarix/api/decision_contracts.go:313.18,315.3 1 0
velarix/api/decision_contracts.go:316.2,316.22 1 0
velarix/api/decision_contracts.go:316.22,317.44 1 0
velarix/api/decision_contracts.go:317.44,319.4 1 0
velarix/api/decision_contracts.go:320.3,320.29 1 0
velarix/api/decision_contracts.go:322.2,322.29 1 0
velarix/api/decision_contracts.go:325.103,326.21 1 0
velarix/api/decision_contracts.go:326.21,328.3 1 0
velarix/api/decision_contracts.go:329.2,330.27 2 0
velarix/api/decision_contracts.go:330.27,345.3 1 0
velarix/api/decision_contracts.go:346.2,346.41 1 0
velarix/api/decision_contracts.go:349.68,353.45 4 0
velarix/api/decision_contracts.go:353.45,354.61 1 0
velarix/api/decision_contracts.go:354.61,356.4 1 0
velarix/api/decision_contracts.go:358.2,358.43 1 0
velarix/api/decision_contracts.go:358.43,359.61 1 0
velarix/api/decision_contracts.go:359.61,361.4 1 0
velarix/api/decision_contracts.go:363.2,363.46 1 0
velarix/api/decision_contracts.go:363.46,364.80 1 0
velarix/api/decision_contracts.go:364.80,366.4 1 0
velarix/api/decision_contracts.go:368.2,368.15 1 0
velarix/api/decision_contracts.go:371.79,375.16 4 0
velarix/api/decision_contracts.go:375.16,378.3 2 0
velarix/api/decision_contracts.go:380.2,381.62 2 0
velarix/api/decision_contracts.go:381.62,384.3 2 0
velarix/api/decision_contracts.go:385.2,385.48 1 0
velarix/api/decision_contracts.go:385.48,388.3 2 0
velarix/api/decision_contracts.go:389.2,390.22 2 0
velarix/api/decision_contracts.go:390.22,392.3 1 0
velarix/api/decision_contracts.go:393.2,413.16 4 0
velarix/api/decision_contracts.go:413.16,416.3 2 0
velarix/api/decision_contracts.go:417.2,420.39 4 0
velarix/api/decision_contracts.go:420.39,422.3 1 0
velarix/api/decision_contracts.go:423.2,423.55 1 0
velarix/api/decision_contracts.go:423.55,426.3 2 0
velarix/api/decision_contracts.go:427.2,427.87 1 0
velarix/api/decision_contracts.go:427.87,430.3 2 0
velarix/api/decision_contracts.go:431.2,431.81 1 0
velarix/api/decision_contracts.go:431.81,434.3 2 0
velarix/api/decision_contracts.go:435.2,447.44 3 0
velarix/api/decision_contracts.go:450.76,454.38 4 0
velarix/api/decision_contracts.go:454.38,457.3 2 0
velarix/api/decision_contracts.go:458.2,459.16 2 0
velarix/api/decision_contracts.go:459.16,462.3 2 0
velarix/api/decision_contracts.go:463.2,463.39 1 0
velarix/api/decision_contracts.go:466.85,470.38 4 0
velarix/api/decision_contracts.go:470.38,473.3 2 0
velarix/api/decision_contracts.go:474.2,475.16 2 0
velarix/api/decision_contracts.go:475.16,478.3 2 0
velarix/api/decision_contracts.go:479.2,479.69 1 0
velarix/api/decision_contracts.go:482.82,486.16 4 0
velarix/api/decision_contracts.go:486.16,489.3 2 0
velarix/api/decision_contracts.go:490.2,492.16 3 0
velarix/api/decision_contracts.go:492.16,495.3 2 0
velarix/api/decision_contracts.go:496.2,498.42 3 0
velarix/api/decision_contracts.go:498.42,500.3 1 0
velarix/api/decision_contracts.go:501.2,502.16 2 0
velarix/api/decision_contracts.go:502.16,505.3 2 0
velarix/api/decision_contracts.go:506.2,511.55 6 0
velarix/api/decision_contracts.go:511.55,514.3 2 0
velarix/api/decision_contracts.go:515.2,515.87 1 0
velarix/api/decision_contracts.go:515.87,518.3 2 0
velarix/api/decision_contracts.go:519.2,519.81 1 0
velarix/api/decision_contracts.go:519.81,522.3 2 0
velarix/api/decision_contracts.go:523.2,524.91 2 0
velarix/api/decision_contracts.go:527.85,531.16 4 0
velarix/api/decision_contracts.go:531.16,534.3 2 0
velarix/api/decision_contracts.go:535.2,537.16 3 0
velarix/api/decision_contracts.go:537.16,540.3 2 0
velarix/api/decision_contracts.go:541.2,542.16 2 0
velarix/api/decision_contracts.go:542.16,545.3 2 0
velarix/api/decision_contracts.go:546.2,553.22 8 0
velarix/api/decision_contracts.go:553.22,556.17 3 0
velarix/api/decision_contracts.go:556.17,559.4 2 0
velarix/api/decision_contracts.go:560.3,560.31 1 0
velarix/api/decision_contracts.go:562.2,565.36 4 0
velarix/api/decision_contracts.go:568.80,572.16 4 0
velarix/api/decision_contracts.go:572.16,575.3 2 0
velarix/api/decision_contracts.go:576.2,578.16 3 0
velarix/api/decision_contracts.go:578.16,581.3 2 0
velarix/api/decision_contracts.go:582.2,583.16 2 0
velarix/api/decision_contracts.go:583.16,586.3 2 0
velarix/api/decision_contracts.go:587.2,587.44 1 0
velarix/api/decision_contracts.go:587.44,590.3 2 0
velarix/api/decision_contracts.go:591.2,592.19 2 0
velarix/api/decision_contracts.go:592.19,593.90 1 0
velarix/api/decision_contracts.go:593.90,596.4 2 0
velarix/api/decision_contracts.go:598.2,599.16 2 0
velarix/api/decision_contracts.go:599.16,602.3 2 0
velarix/api/decision_contracts.go:603.2,604.95 2 0
velarix/api/decision_contracts.go:604.95,607.3 2 0
velarix/api/decision_contracts.go:608.2,608.52 1 0
velarix/api/decision_contracts.go:608.52,611.3 2 0
velarix/api/decision_contracts.go:612.2,612.108 1 0
velarix/api/decision_contracts.go:612.108,615.3 2 0
velarix/api/decision_contracts.go:616.2,621.23 6 0
velarix/api/decision_contracts.go:621.23,644.3 12 0
velarix/api/decision_contracts.go:645.2,652.55 8 0
velarix/api/decision_contracts.go:652.55,655.3 2 0
velarix/api/decision_contracts.go:656.2,669.91 3 0
velarix/api/decision_contracts.go:672.80,676.38 4 0
velarix/api/decision_contracts.go:676.38,679.3 2 0
velarix/api/decision_contracts.go:680.2,682.16 3 0
velarix/api/decision_contracts.go:682.16,685.3 2 0
velarix/api/decision_contracts.go:686.2,693.4 3 0
velarix/api/decision_contracts.go:696.83,700.16 4 0
velarix/api/decision_contracts.go:700.16,703.3 2 0
velarix/api/decision_contracts.go:704.2,706.16 3 0
velarix/api/decision_contracts.go:706.16,709.3 2 0
velarix/api/decision_contracts.go:710.2,712.18 3 0
velarix/api/decision_contracts.go:712.18,715.3 2 0
velarix/api/decision_contracts.go:716.2,717.27 2 0
velarix/api/decision_contracts.go:717.27,718.71 1 0
velarix/api/decision_contracts.go:718.71,720.4 1 0
velarix/api/decision_contracts.go:722.2,728.4 1 0
velarix/api/decision_contracts.go:731.81,734.16 3 0
velarix/api/decision_contracts.go:734.16,737.3 2 0
velarix/api/decision_contracts.go:738.2,738.69 1 0
velarix/api/decision_contracts.go:741.88,746.16 5 0
velarix/api/decision_contracts.go:746.16,749.3 2 0
velarix/api/decision_contracts.go:750.2,750.69 1 0
velarix/api/enterprise_controls.go:10.109,14.39 3 0
velarix/api/enterprise_controls.go:14.39,15.52 1 0
velarix/api/enterprise_controls.go:15.52,16.70 1 0
velarix/api/enterprise_controls.go:16.70,18.5 1 0
velarix/api/enterprise_controls.go:20.3,20.63 1 0
velarix/api/enterprise_controls.go:20.63,21.68 1 0
velarix/api/enterprise_controls.go:21.68,23.5 1 0
velarix/api/enterprise_controls.go:27.2,27.16 1 0
velarix/api/enterprise_controls.go:27.16,28.55 1 0
velarix/api/enterprise_controls.go:29.14,30.19 1 0
velarix/api/enterprise_controls.go:30.19,32.5 1 0
velarix/api/enterprise_controls.go:33.21,34.19 1 0
velarix/api/enterprise_controls.go:34.19,36.5 1 0
velarix/api/enterprise_controls.go:40.2,40.22 1 0
velarix/api/export_builder.go:18.238,20.32 2 0
velarix/api/export_builder.go:20.32,22.40 2 0
velarix/api/export_builder.go:22.40,24.4 1 0
velarix/api/export_builder.go:26.3,27.24 2 0
velarix/api/export_builder.go:27.24,29.4 1 0
velarix/api/export_builder.go:31.3,40.5 1 0
velarix/api/export_builder.go:43.2,44.30 2 0
velarix/api/export_builder.go:44.30,46.3 1 0
velarix/api/export_builder.go:47.2,49.16 2 0
velarix/api/export_builder.go:50.17,54.29 4 0
velarix/api/export_builder.go:54.29,56.4 1 0
velarix/api/export_builder.go:57.3,60.86 4 0
velarix/api/export_builder.go:61.13,63.19 2 0
velarix/api/export_builder.go:63.19,65.4 1 0
velarix/api/export_builder.go:66.3,70.29 5 0
velarix/api/export_builder.go:70.29,73.4 2 0
velarix/api/export_builder.go:74.3,81.31 8 0
velarix/api/export_builder.go:81.31,84.24 3 0
velarix/api/export_builder.go:84.24,86.5 1 0
velarix/api/export_builder.go:88.3,89.41 2 0
velarix/api/export_builder.go:89.41,91.4 1 0
velarix/api/export_builder.go:92.3,92.93 1 0
velarix/api/export_builder.go:93.10,94.74 1 0
velarix/api/export_jobs.go:17.83,28.26 2 0
velarix/api/export_jobs.go:28.26,32.3 3 0
velarix/api/export_jobs.go:33.2,33.13 1 0
velarix/api/export_jobs.go:36.80,40.16 4 0
velarix/api/export_jobs.go:40.16,43.3 2 0
velarix/api/export_jobs.go:45.2,47.23 3 0
velarix/api/export_jobs.go:47.23,49.3 1 0
velarix/api/export_jobs.go:50.2,50.21 1 0
velarix/api/export_jobs.go:51.20,51.20 0 0
velarix/api/export_jobs.go:52.10,54.9 2 0
velarix/api/export_jobs.go:57.2,68.51 5 0
velarix/api/export_jobs.go:68.51,71.3 2 0
velarix/api/export_jobs.go:73.2,73.12 1 0
velarix/api/export_jobs.go:73.12,80.20 7 0
velarix/api/export_jobs.go:80.20,83.4 2 0
velarix/api/export_jobs.go:84.3,84.67 1 0
velarix/api/export_jobs.go:87.2,87.65 1 0
velarix/api/export_jobs.go:90.77,95.38 4 0
velarix/api/export_jobs.go:95.38,98.3 2 0
velarix/api/export_jobs.go:100.2,102.16 3 0
velarix/api/export_jobs.go:102.16,105.3 2 0
velarix/api/export_jobs.go:106.2,106.60 1 0
velarix/api/export_jobs.go:109.82,113.38 4 0
velarix/api/export_jobs.go:113.38,116.3 2 0
velarix/api/export_jobs.go:117.2,119.16 3 0
velarix/api/export_jobs.go:119.16,122.3 2 0
velarix/api/export_jobs.go:123.2,123.26 1 0
velarix/api/export_jobs.go:123.26,126.3 2 0
velarix/api/export_jobs.go:127.2,128.16 2 0
velarix/api/export_jobs.go:128.16,131.3 2 0
velarix/api/export_jobs.go:132.2,142.4 4 0
velarix/api/export_jobs.go:145.79,149.38 4 0
velarix/api/export_jobs.go:149.38,152.3 2 0
velarix/api/export_jobs.go:153.2,154.16 2 0
velarix/api/export_jobs.go:154.16,157.3 2 0
velarix/api/export_jobs.go:158.2,159.22 2 0
velarix/api/export_jobs.go:159.22,162.3 2 0
velarix/api/export_jobs.go:163.2,163.69 1 0
velarix/api/extract_assert.go:32.81,39.16 6 0
velarix/api/extract_assert.go:39.16,43.3 3 0
velarix/api/extract_assert.go:45.2,47.62 3 0
velarix/api/extract_assert.go:47.62,51.3 3 0
velarix/api/extract_assert.go:52.2,52.45 1 0
velarix/api/extract_assert.go:52.45,56.3 3 0
velarix/api/extract_assert.go:59.2,63.23 4 0
velarix/api/extract_assert.go:63.23,74.3 4 0
velarix/api/extract_assert.go:77.2,82.31 5 0
velarix/api/extract_assert.go:82.31,84.3 1 0
velarix/api/extract_assert.go:86.2,86.43 1 0
velarix/api/extract_assert.go:86.43,87.21 1 0
velarix/api/extract_assert.go:87.21,89.4 1 0
velarix/api/extract_assert.go:90.3,91.36 2 0
velarix/api/extract_assert.go:91.36,92.47 1 0
velarix/api/extract_assert.go:92.47,94.5 1 0
velarix/api/extract_assert.go:96.3,96.30 1 0
velarix/api/extract_assert.go:99.2,99.31 1 0
velarix/api/extract_assert.go:99.31,101.3 1 0
velarix/api/extract_assert.go:102.2,113.31 4 0
velarix/api/extract_assert.go:113.31,117.49 3 0
velarix/api/extract_assert.go:117.49,119.33 2 0
velarix/api/extract_assert.go:119.33,125.5 1 0
velarix/api/extract_assert.go:125.10,131.5 1 0
velarix/api/extract_assert.go:132.4,133.12 2 0
velarix/api/extract_assert.go:136.3,142.47 2 0
velarix/api/extract_assert.go:142.47,149.4 1 0
velarix/api/extract_assert.go:150.3,155.40 5 0
velarix/api/extract_assert.go:158.2,162.62 3 0
velarix/api/extract_assert.go:162.62,164.31 2 0
velarix/api/extract_assert.go:164.31,166.4 1 0
velarix/api/extract_assert.go:167.3,173.50 5 0
velarix/api/extract_assert.go:173.50,174.31 1 0
velarix/api/extract_assert.go:174.31,175.13 1 0
velarix/api/extract_assert.go:177.4,178.44 2 0
velarix/api/extract_assert.go:178.44,179.13 1 0
velarix/api/extract_assert.go:181.4,186.20 5 0
velarix/api/extract_assert.go:186.20,187.13 1 0
velarix/api/extract_assert.go:190.4,192.70 3 0
velarix/api/extract_assert.go:192.70,195.5 2 0
velarix/api/extract_assert.go:195.10,198.5 2 0
velarix/api/extract_assert.go:200.4,207.55 2 0
velarix/api/extract_assert.go:207.55,213.5 1 0
velarix/api/extract_assert.go:214.4,216.89 2 0
velarix/api/extract_assert.go:216.89,226.5 3 0
velarix/api/extract_assert.go:231.2,231.34 1 0
velarix/api/extract_assert.go:231.34,233.3 1 0
velarix/api/extract_assert.go:235.2,239.35 4 0
velarix/api/governance.go:37.84,38.18 1 0
velarix/api/governance.go:38.18,40.3 1 0
velarix/api/governance.go:41.2,42.9 2 0
velarix/api/governance.go:42.9,44.3 1 0
velarix/api/governance.go:45.2,45.25 1 0
velarix/api/governance.go:46.15,47.11 1 0
velarix/api/governance.go:48.11,49.20 1 0
velarix/api/governance.go:50.13,51.20 1 0
velarix/api/governance.go:52.19,53.45 1 0
velarix/api/governance.go:53.45,55.4 1 0
velarix/api/governance.go:56.14,57.77 1 0
velarix/api/governance.go:57.77,59.4 1 0
velarix/api/governance.go:61.2,61.17 1 0
velarix/api/governance.go:64.73,65.18 1 0
velarix/api/governance.go:65.18,67.3 1 0
velarix/api/governance.go:68.2,69.9 2 0
velarix/api/governance.go:69.9,71.3 1 0
velarix/api/governance.go:72.2,72.25 1 0
velarix/api/governance.go:73.16,74.37 1 0
velarix/api/governance.go:75.21,77.26 2 0
velarix/api/governance.go:77.26,78.37 1 0
velarix/api/governance.go:78.37,80.19 2 0
velarix/api/governance.go:80.19,82.6 1 0
velarix/api/governance.go:85.3,85.13 1 0
velarix/api/governance.go:86.10,87.13 1 0
velarix/api/governance.go:91.80,92.18 1 0
velarix/api/governance.go:92.18,94.3 1 0
velarix/api/governance.go:95.2,96.9 2 0
velarix/api/governance.go:96.9,98.3 1 0
velarix/api/governance.go:99.2,100.25 2 0
velarix/api/governance.go:101.26,102.27 1 0
velarix/api/governance.go:102.27,104.4 1 0
velarix/api/governance.go:105.30,106.27 1 0
velarix/api/governance.go:106.27,108.4 1 0
velarix/api/governance.go:110.2,110.22 1 0
velarix/api/governance.go:110.22,112.3 1 0
velarix/api/governance.go:113.2,113.15 1 0
velarix/api/governance.go:116.68,124.16 3 0
velarix/api/governance.go:124.16,126.3 1 0
velarix/api/governance.go:127.2,127.34 1 0
velarix/api/governance.go:127.34,128.22 1 0
velarix/api/governance.go:128.22,129.12 1 0
velarix/api/governance.go:131.3,132.71 2 0
velarix/api/governance.go:132.71,133.79 1 0
velarix/api/governance.go:133.79,135.5 1 0
velarix/api/governance.go:137.3,137.77 1 0
velarix/api/governance.go:137.77,138.91 1 0
velarix/api/governance.go:138.91,140.5 1 0
velarix/api/governance.go:142.3,142.96 1 0
velarix/api/governance.go:142.96,144.4 1 0
velarix/api/governance.go:145.3,145.92 1 0
velarix/api/governance.go:145.92,146.94 1 0
velarix/api/governance.go:146.94,148.5 1 0
velarix/api/governance.go:150.3,150.83 1 0
velarix/api/governance.go:150.83,152.4 1 0
velarix/api/governance.go:153.3,153.75 1 0
velarix/api/governance.go:153.75,155.4 1 0
velarix/api/governance.go:156.3,156.78 1 0
velarix/api/governance.go:156.78,158.4 1 0
velarix/api/governance.go:160.2,161.17 2 0
velarix/api/governance.go:164.70,165.17 1 0
velarix/api/governance.go:165.17,167.3 1 0
velarix/api/governance.go:168.2,168.26 1 0
velarix/api/governance.go:168.26,170.3 1 0
velarix/api/governance.go:171.2,171.28 1 0
velarix/api/governance.go:171.28,173.23 2 0
velarix/api/governance.go:173.23,174.113 1 0
velarix/api/governance.go:174.113,176.5 1 0
velarix/api/governance.go:178.3,178.65 1 0
velarix/api/governance.go:178.65,180.4 1 0
velarix/api/governance.go:182.2,184.50 3 0
velarix/api/governance.go:184.50,186.3 1 0
velarix/api/governance.go:187.2,187.106 1 0
velarix/api/governance.go:187.106,188.58 1 0
velarix/api/governance.go:188.58,190.4 1 0
velarix/api/governance.go:192.2,192.104 1 0
velarix/api/governance.go:192.104,194.3 1 0
velarix/api/governance.go:195.2,195.20 1 0
velarix/api/governance.go:195.20,197.58 2 0
velarix/api/governance.go:197.58,200.4 2 0
velarix/api/governance.go:202.2,203.53 2 0
velarix/api/governance.go:203.53,205.3 1 0
velarix/api/governance.go:206.2,206.116 1 0
velarix/api/governance.go:206.116,208.3 1 0
velarix/api/governance.go:209.2,209.23 1 0
velarix/api/governance.go:209.23,211.3 1 0
velarix/api/governance.go:212.2,212.33 1 0
velarix/api/governance.go:212.33,214.3 1 0
velarix/api/governance.go:217.84,218.17 1 0
velarix/api/governance.go:218.17,220.3 1 0
velarix/api/governance.go:221.2,222.54 2 0
velarix/api/governance.go:222.54,224.3 1 0
velarix/api/governance.go:225.2,225.35 1 0
velarix/api/governance.go:225.35,227.3 1 0
velarix/api/governance.go:228.2,228.105 1 0
velarix/api/governance.go:231.75,232.31 1 0
velarix/api/governance.go:232.31,235.3 2 0
velarix/api/governance.go:236.2,239.16 4 0
velarix/api/governance.go:239.16,242.3 2 0
velarix/api/governance.go:244.2,245.42 2 0
velarix/api/governance.go:245.42,248.3 2 0
velarix/api/governance.go:250.2,251.79 2 0
velarix/api/governance.go:251.79,254.3 2 0
velarix/api/governance.go:255.2,256.18 2 0
velarix/api/governance.go:256.18,259.3 2 0
velarix/api/governance.go:260.2,261.86 2 0
velarix/api/governance.go:261.86,264.3 2 0
velarix/api/governance.go:265.2,276.46 2 0
velarix/api/governance.go:276.46,279.3 2 0
velarix/api/governance.go:280.2,285.35 6 0
velarix/api/metrics.go:67.53,76.2 3 0
velarix/api/reasoning_contracts.go:60.91,62.16 2 0
velarix/api/reasoning_contracts.go:62.16,64.3 1 0
velarix/api/reasoning_contracts.go:65.2,66.12 2 0
velarix/api/reasoning_contracts.go:69.90,71.66 2 0
velarix/api/reasoning_contracts.go:71.66,73.3 1 0
velarix/api/reasoning_contracts.go:74.2,74.23 1 0
velarix/api/reasoning_contracts.go:77.112,78.33 1 0
velarix/api/reasoning_contracts.go:78.33,80.108 2 0
velarix/api/reasoning_contracts.go:80.108,81.12 1 0
velarix/api/reasoning_contracts.go:83.3,83.49 1 0
velarix/api/reasoning_contracts.go:83.49,85.4 1 0
velarix/api/reasoning_contracts.go:87.2,87.53 1 0
velarix/api/reasoning_contracts.go:90.81,94.16 4 0
velarix/api/reasoning_contracts.go:94.16,97.3 2 0
velarix/api/reasoning_contracts.go:99.2,100.62 2 0
velarix/api/reasoning_contracts.go:100.62,103.3 2 0
velarix/api/reasoning_contracts.go:104.2,104.38 1 0
velarix/api/reasoning_contracts.go:104.38,107.3 2 0
velarix/api/reasoning_contracts.go:108.2,108.26 1 0
velarix/api/reasoning_contracts.go:108.26,110.3 1 0
velarix/api/reasoning_contracts.go:112.2,120.26 2 0
velarix/api/reasoning_contracts.go:120.26,122.3 1 0
velarix/api/reasoning_contracts.go:123.2,123.25 1 0
velarix/api/reasoning_contracts.go:123.25,124.47 1 0
velarix/api/reasoning_contracts.go:124.47,127.4 2 0
velarix/api/reasoning_contracts.go:129.2,130.25 2 0
velarix/api/reasoning_contracts.go:130.25,132.3 1 0
velarix/api/reasoning_contracts.go:133.2,133.25 1 0
velarix/api/reasoning_contracts.go:133.25,135.3 1 0
velarix/api/reasoning_contracts.go:136.2,136.22 1 0
velarix/api/reasoning_contracts.go:136.22,138.3 1 0
velarix/api/reasoning_contracts.go:139.2,140.25 2 0
velarix/api/reasoning_contracts.go:140.25,144.22 4 0
velarix/api/reasoning_contracts.go:144.22,145.42 1 0
velarix/api/reasoning_contracts.go:145.42,148.5 2 0
velarix/api/reasoning_contracts.go:149.4,150.41 2 0
velarix/api/reasoning_contracts.go:150.41,152.5 1 0
velarix/api/reasoning_contracts.go:153.4,153.35 1 0
velarix/api/reasoning_contracts.go:157.2,157.49 1 0
velarix/api/reasoning_contracts.go:157.49,160.3 2 0
velarix/api/reasoning_contracts.go:162.2,164.46 3 0
velarix/api/reasoning_contracts.go:164.46,167.3 2 0
velarix/api/reasoning_contracts.go:168.2,174.86 5 0
velarix/api/reasoning_contracts.go:177.76,181.16 4 0
velarix/api/reasoning_contracts.go:181.16,184.3 2 0
velarix/api/reasoning_contracts.go:186.2,187.42 2 0
velarix/api/reasoning_contracts.go:187.42,190.3 2 0
velarix/api/reasoning_contracts.go:192.2,193.79 2 0
velarix/api/reasoning_contracts.go:193.79,196.3 2 0
velarix/api/reasoning_contracts.go:197.2,198.83 2 0
velarix/api/reasoning_contracts.go:198.83,201.3 2 0
velarix/api/reasoning_contracts.go:203.2,210.46 2 0
velarix/api/reasoning_contracts.go:210.46,213.3 2 0
velarix/api/reasoning_contracts.go:214.2,216.64 2 0
velarix/api/reasoning_contracts.go:216.64,219.3 2 0
velarix/api/reasoning_contracts.go:221.2,229.64 4 0
velarix/api/reasoning_contracts.go:232.79,236.16 4 0
velarix/api/reasoning_contracts.go:236.16,239.3 2 0
velarix/api/reasoning_contracts.go:241.2,243.69 3 0
velarix/api/reasoning_contracts.go:243.69,244.82 1 0
velarix/api/reasoning_contracts.go:244.82,246.4 1 0
velarix/api/reasoning_contracts.go:248.2,249.60 2 0
velarix/api/reasoning_contracts.go:249.60,251.17 2 0
velarix/api/reasoning_contracts.go:251.17,254.4 2 0
velarix/api/reasoning_contracts.go:256.2,256.81 1 0
velarix/api/reasoning_contracts.go:259.81,263.16 4 0
velarix/api/reasoning_contracts.go:263.16,266.3 2 0
velarix/api/reasoning_contracts.go:268.2,269.79 2 0
velarix/api/reasoning_contracts.go:269.79,272.3 2 0
velarix/api/reasoning_contracts.go:274.2,275.23 2 0
velarix/api/reasoning_contracts.go:275.23,277.41 2 0
velarix/api/reasoning_contracts.go:277.41,277.77 1 0
velarix/api/reasoning_contracts.go:278.3,278.30 1 0
velarix/api/reasoning_contracts.go:278.30,280.4 1 0
velarix/api/reasoning_contracts.go:282.2,282.55 1 0
velarix/api/reasoning_contracts.go:282.55,284.3 1 0
velarix/api/reasoning_contracts.go:286.2,292.80 4 0
velarix/api/reasoning_contracts.go:292.80,293.39 1 0
velarix/api/reasoning_contracts.go:293.39,294.31 1 0
velarix/api/reasoning_contracts.go:294.31,295.13 1 0
velarix/api/reasoning_contracts.go:297.4,299.20 3 0
velarix/api/reasoning_contracts.go:299.20,300.13 1 0
velarix/api/reasoning_contracts.go:302.4,304.70 3 0
velarix/api/reasoning_contracts.go:304.70,307.5 2 0
velarix/api/reasoning_contracts.go:307.10,310.5 2 0
velarix/api/reasoning_contracts.go:311.4,318.55 2 0
velarix/api/reasoning_contracts.go:318.55,320.5 1 0
velarix/api/reasoning_contracts.go:321.4,322.89 2 0
velarix/api/reasoning_contracts.go:322.89,331.5 2 0
velarix/api/reasoning_contracts.go:333.3,333.36 1 0
velarix/api/reasoning_contracts.go:336.2,340.37 2 0
velarix/api/reasoning_contracts.go:343.85,346.60 3 0
velarix/api/reasoning_contracts.go:346.60,349.3 2 0
velarix/api/reasoning_contracts.go:351.2,352.63 2 0
velarix/api/reasoning_contracts.go:352.63,355.3 2 0
velarix/api/reasoning_contracts.go:356.2,356.44 1 0
velarix/api/reasoning_contracts.go:356.44,358.3 1 0
velarix/api/reasoning_contracts.go:359.2,359.26 1 0
velarix/api/reasoning_contracts.go:359.26,361.3 1 0
velarix/api/reasoning_contracts.go:362.2,362.29 1 0
velarix/api/reasoning_contracts.go:362.29,363.49 1 0
velarix/api/reasoning_contracts.go:363.49,365.4 1 0
velarix/api/reasoning_contracts.go:368.2,371.17 1 0
velarix/api/reasoning_contracts.go:371.17,374.3 2 0
velarix/api/reasoning_contracts.go:375.2,375.41 1 0
velarix/api/reasoning_contracts.go:378.84,382.38 4 0
velarix/api/reasoning_contracts.go:382.38,385.3 2 0
velarix/api/reasoning_contracts.go:387.2,388.16 2 0
velarix/api/reasoning_contracts.go:388.16,391.3 2 0
velarix/api/reasoning_contracts.go:393.2,394.33 2 0
velarix/api/reasoning_contracts.go:394.33,396.108 2 0
velarix/api/reasoning_contracts.go:396.108,397.12 1 0
velarix/api/reasoning_contracts.go:399.3,404.5 1 0
velarix/api/reasoning_contracts.go:406.2,406.40 1 0
velarix/api/reasoning_contracts.go:406.40,406.90 1 0
velarix/api/reasoning_contracts.go:407.2,407.69 1 0
velarix/api/reasoning_contracts.go:410.85,414.16 4 0
velarix/api/reasoning_contracts.go:414.16,417.3 2 0
velarix/api/reasoning_contracts.go:419.2,420.16 2 0
velarix/api/reasoning_contracts.go:420.16,423.3 2 0
velarix/api/reasoning_contracts.go:424.2,425.16 2 0
velarix/api/reasoning_contracts.go:425.16,428.3 2 0
velarix/api/reasoning_contracts.go:430.2,431.79 2 0
velarix/api/reasoning_contracts.go:431.79,434.3 2 0
velarix/api/reasoning_contracts.go:436.2,438.35 3 0
velarix/api/reasoning_contracts.go:438.35,439.49 1 0
velarix/api/reasoning_contracts.go:439.49,441.4 1 0
velarix/api/reasoning_contracts.go:443.2,443.27 1 0
velarix/api/reasoning_contracts.go:443.27,446.39 3 0
velarix/api/reasoning_contracts.go:446.39,450.60 4 0
velarix/api/reasoning_contracts.go:450.60,452.5 1 0
velarix/api/reasoning_contracts.go:453.4,453.51 1 0
velarix/api/reasoning_contracts.go:453.51,454.42 1 0
velarix/api/reasoning_contracts.go:454.42,456.6 1 0
velarix/api/reasoning_contracts.go:458.4,459.35 2 0
velarix/api/reasoning_contracts.go:459.35,461.5 1 0
velarix/api/reasoning_contracts.go:462.4,462.48 1 0
velarix/api/reasoning_contracts.go:465.2,465.22 1 0
velarix/api/reasoning_contracts.go:465.22,466.57 1 0
velarix/api/reasoning_contracts.go:466.57,467.44 1 0
velarix/api/reasoning_contracts.go:467.44,468.13 1 0
velarix/api/reasoning_contracts.go:470.4,477.48 2 0
velarix/api/reasoning_contracts.go:477.48,478.13 1 0
velarix/api/reasoning_contracts.go:480.4,481.85 2 0
velarix/api/reasoning_contracts.go:481.85,483.5 1 0
velarix/api/reasoning_contracts.go:485.3,487.65 3 0
velarix/api/reasoning_contracts.go:490.2,494.37 2 0
velarix/api/runtime_security.go:17.26,19.15 2 0
velarix/api/runtime_security.go:19.15,21.3 1 0
velarix/api/runtime_security.go:22.2,22.12 1 0
velarix/api/runtime_security.go:25.26,26.22 1 0
velarix/api/runtime_security.go:27.21,28.14 1 0
velarix/api/runtime_security.go:29.10,30.15 1 0
velarix/api/runtime_security.go:34.32,35.61 1 0
velarix/api/runtime_security.go:36.32,37.14 1 0
velarix/api/runtime_security.go:38.10,39.15 1 0
velarix/api/runtime_security.go:43.35,45.2 1 0
velarix/api/runtime_security.go:47.42,49.2 1 1
velarix/api/runtime_security.go:51.79,52.17 1 0
velarix/api/runtime_security.go:52.17,54.3 1 0
velarix/api/runtime_security.go:55.2,55.52 1 0
velarix/api/runtime_security.go:55.52,57.3 1 0
velarix/api/runtime_security.go:58.2,58.10 1 0
velarix/api/runtime_security.go:61.41,62.87 1 0
velarix/api/runtime_security.go:63.13,64.30 1 0
velarix/api/runtime_security.go:65.14,66.31 1 0
velarix/api/runtime_security.go:67.10,68.33 1 0
velarix/api/runtime_security.go:72.32,74.2 1 0
velarix/api/runtime_security.go:76.30,78.2 1 0
velarix/api/runtime_security.go:80.79,93.2 2 0
velarix/api/runtime_security.go:95.46,96.39 1 0
velarix/api/runtime_security.go:96.39,108.3 1 0
velarix/api/runtime_security.go:111.51,113.22 2 0
velarix/api/runtime_security.go:113.22,115.3 1 0
velarix/api/runtime_security.go:116.2,116.39 1 0
velarix/api/runtime_security.go:116.39,118.17 2 0
velarix/api/runtime_security.go:118.17,119.12 1 0
velarix/api/runtime_security.go:121.3,121.60 1 0
velarix/api/runtime_security.go:121.60,123.4 1 0
velarix/api/runtime_security.go:125.2,125.11 1 0
velarix/api/runtime_security.go:128.47,129.27 1 0
velarix/api/runtime_security.go:129.27,131.3 1 0
velarix/api/runtime_security.go:132.2,133.35 2 0
velarix/api/runtime_security.go:133.35,134.53 1 0
velarix/api/runtime_security.go:134.53,135.55 1 0
velarix/api/runtime_security.go:135.55,137.5 1 0
velarix/api/runtime_security.go:140.2,140.20 1 0
velarix/api/runtime_security.go:143.49,145.18 2 0
velarix/api/runtime_security.go:145.18,147.3 1 0
velarix/api/runtime_security.go:148.2,148.51 1 0
velarix/api/runtime_security.go:148.51,149.40 1 0
velarix/api/runtime_security.go:149.40,151.4 1 0
velarix/api/runtime_security.go:153.2,153.14 1 0
velarix/api/runtime_security.go:156.39,157.14 1 0
velarix/api/runtime_security.go:157.14,159.3 1 0
velarix/api/runtime_security.go:160.2,160.44 1 0
velarix/api/runtime_security.go:160.44,161.87 1 0
velarix/api/runtime_security.go:161.87,162.54 1 0
velarix/api/runtime_security.go:162.54,164.5 1 0
velarix/api/runtime_security.go:165.4,165.65 1 0
velarix/api/runtime_security.go:165.65,167.5 1 0
velarix/api/runtime_security.go:169.3,169.75 1 0
velarix/api/runtime_security.go:169.75,171.4 1 0
velarix/api/runtime_security.go:173.2,174.30 2 0
velarix/api/runtime_security.go:174.30,176.3 1 0
velarix/api/runtime_security.go:177.2,177.40 1 0
velarix/api/runtime_security.go:180.120,181.15 1 0
velarix/api/runtime_security.go:182.18,183.51 1 0
velarix/api/runtime_security.go:184.23,185.50 1 0
velarix/api/runtime_security.go:186.23,187.51 1 0
velarix/api/runtime_security.go:188.10,189.46 1 0
velarix/api/runtime_security.go:193.102,194.14 1 0
velarix/api/runtime_security.go:194.14,196.3 1 0
velarix/api/runtime_security.go:197.2,197.30 1 0
velarix/api/runtime_security.go:197.30,199.3 1 0
velarix/api/runtime_security.go:200.2,201.15 2 0
velarix/api/runtime_security.go:201.15,203.3 1 0
velarix/api/runtime_security.go:204.2,204.16 1 0
velarix/api/runtime_security.go:204.16,206.3 1 0
velarix/api/runtime_security.go:209.112,211.64 2 0
velarix/api/runtime_security.go:211.64,213.80 2 0
velarix/api/runtime_security.go:213.80,217.4 3 0
velarix/api/runtime_security.go:219.2,220.54 2 0
velarix/api/runtime_security.go:220.54,222.86 2 0
velarix/api/runtime_security.go:222.86,226.4 3 0
velarix/api/runtime_security.go:228.2,228.13 1 0
velarix/api/runtime_security.go:231.46,233.15 2 0
velarix/api/runtime_security.go:233.15,235.3 1 0
velarix/api/runtime_security.go:236.2,237.47 2 0
velarix/api/runtime_security.go:237.47,239.3 1 0
velarix/api/runtime_security.go:240.2,240.41 1 0
velarix/api/runtime_security.go:243.66,244.14 1 0
velarix/api/runtime_security.go:244.14,246.3 1 0
velarix/api/runtime_security.go:247.2,258.30 3 0
velarix/api/runtime_security.go:258.30,259.58 1 0
velarix/api/runtime_security.go:259.58,261.4 1 0
velarix/api/runtime_security.go:263.2,263.19 1 0
velarix/api/runtime_security.go:263.19,265.3 1 0
velarix/api/runtime_security.go:266.2,266.12 1 0
velarix/api/runtime_security.go:269.83,270.18 1 0
velarix/api/runtime_security.go:270.18,272.3 1 0
velarix/api/runtime_security.go:273.2,273.35 1 0
velarix/api/runtime_security.go:273.35,275.3 1 0
velarix/api/runtime_security.go:276.2,277.87 2 0
velarix/api/search_contracts.go:11.42,13.22 2 0
velarix/api/search_contracts.go:13.22,15.3 1 0
velarix/api/search_contracts.go:16.2,16.19 1 0
velarix/api/search_contracts.go:19.70,28.2 1 0
velarix/api/search_contracts.go:30.106,31.75 1 0
velarix/api/search_contracts.go:31.75,33.3 1 0
velarix/api/search_contracts.go:36.120,37.53 1 0
velarix/api/search_contracts.go:37.53,39.3 1 0
velarix/api/search_contracts.go:40.2,42.42 3 0
velarix/api/search_contracts.go:42.42,46.3 3 0
velarix/api/search_contracts.go:47.2,47.41 1 0
velarix/api/search_contracts.go:50.132,51.51 1 0
velarix/api/search_contracts.go:51.51,53.3 1 0
velarix/api/search_contracts.go:54.2,59.61 6 0
velarix/api/server.go:47.39,49.16 2 1
velarix/api/server.go:49.16,51.3 1 1
velarix/api/server.go:52.2,52.21 1 1
velarix/api/server.go:55.41,57.16 2 0
velarix/api/server.go:57.16,59.3 1 0
velarix/api/server.go:60.2,60.21 1 0
velarix/api/server.go:63.110,67.28 4 0
velarix/api/server.go:67.28,69.3 1 0
velarix/api/server.go:70.2,70.46 1 0
velarix/api/server.go:70.46,72.3 1 0
velarix/api/server.go:94.57,97.25 3 0
velarix/api/server.go:97.25,99.3 1 0
velarix/api/server.go:100.2,101.32 2 0
velarix/api/server.go:101.32,102.44 1 0
velarix/api/server.go:102.44,104.4 1 0
velarix/api/server.go:108.104,112.25 3 0
velarix/api/server.go:112.25,114.3 1 0
velarix/api/server.go:115.2,115.23 1 0
velarix/api/server.go:115.23,117.3 1 0
velarix/api/server.go:118.2,124.8 5 0
velarix/api/server.go:124.8,126.39 2 0
velarix/api/server.go:126.39,128.4 1 0
velarix/api/server.go:129.3,129.46 1 0
velarix/api/server.go:129.46,131.4 1 0
velarix/api/server.go:134.2,135.16 2 0
velarix/api/server.go:135.16,136.74 1 0
velarix/api/server.go:136.74,138.4 1 0
velarix/api/server.go:139.3,140.62 2 0
velarix/api/server.go:141.8,141.31 1 0
velarix/api/server.go:141.31,143.3 1 0
velarix/api/server.go:144.2,150.33 5 0
velarix/api/server.go:150.33,152.3 1 0
velarix/api/server.go:155.2,156.82 2 0
velarix/api/server.go:156.82,157.51 1 0
velarix/api/server.go:157.51,159.4 1 0
velarix/api/server.go:162.2,163.24 2 0
velarix/api/server.go:163.24,165.3 1 0
velarix/api/server.go:165.8,167.3 1 0
velarix/api/server.go:168.2,168.16 1 0
velarix/api/server.go:168.16,169.33 1 0
velarix/api/server.go:169.33,170.22 1 0
velarix/api/server.go:171.27,172.34 1 0
velarix/api/server.go:173.31,174.40 1 0
velarix/api/server.go:175.28,177.29 2 0
velarix/api/server.go:177.29,178.55 1 0
velarix/api/server.go:178.55,180.7 1 0
velarix/api/server.go:182.5,182.45 1 0
velarix/api/server.go:183.27,187.29 4 0
velarix/api/server.go:187.29,188.55 1 0
velarix/api/server.go:188.55,190.7 1 0
velarix/api/server.go:191.6,191.55 1 0
velarix/api/server.go:191.55,193.7 1 0
velarix/api/server.go:194.6,194.61 1 0
velarix/api/server.go:194.61,196.7 1 0
velarix/api/server.go:198.5,198.67 1 0
velarix/api/server.go:203.2,208.28 5 0
velarix/api/server.go:211.44,215.59 2 0
velarix/api/server.go:215.59,217.3 1 0
velarix/api/server.go:218.2,218.81 1 0
velarix/api/server.go:218.81,219.67 1 0
velarix/api/server.go:219.67,221.4 1 0
velarix/api/server.go:223.2,223.14 1 0
velarix/api/server.go:226.59,227.17 1 0
velarix/api/server.go:227.17,229.3 1 0
velarix/api/server.go:230.2,231.46 2 0
velarix/api/server.go:231.46,236.3 3 0
velarix/api/server.go:237.2,239.31 3 0
velarix/api/server.go:242.71,243.71 1 0
velarix/api/server.go:243.71,244.19 1 0
velarix/api/server.go:245.60,247.10 2 0
velarix/api/server.go:251.3,252.18 2 0
velarix/api/server.go:252.18,255.4 2 0
velarix/api/server.go:257.3,258.10 2 0
velarix/api/server.go:259.25,260.17 1 0
velarix/api/server.go:260.17,260.25 1 0
velarix/api/server.go:261.4,262.10 2 0
velarix/api/server.go:263.11,267.10 4 0
velarix/api/server.go:272.61,273.71 1 0
velarix/api/server.go:273.71,276.10 3 0
velarix/api/server.go:277.21,277.21 0 0
velarix/api/server.go:278.40,281.39 3 0
velarix/api/server.go:282.56,285.39 3 0
velarix/api/server.go:286.39,288.10 2 0
velarix/api/server.go:290.3,292.37 3 0
velarix/api/server.go:292.37,295.4 2 0
velarix/api/server.go:296.3,296.23 1 0
velarix/api/server.go:300.76,301.71 1 0
velarix/api/server.go:301.71,309.22 8 0
velarix/api/server.go:309.22,311.4 1 0
velarix/api/server.go:312.3,312.23 1 0
velarix/api/server.go:316.66,320.2 3 1
velarix/api/server.go:322.77,326.16 4 0
velarix/api/server.go:326.16,329.3 2 0
velarix/api/server.go:331.2,332.67 2 0
velarix/api/server.go:332.67,335.3 2 0
velarix/api/server.go:337.2,337.28 1 0
velarix/api/server.go:337.28,338.99 1 0
velarix/api/server.go:338.99,341.4 2 0
velarix/api/server.go:344.2,345.28 2 0
velarix/api/server.go:345.28,347.3 1 0
velarix/api/server.go:348.2,348.37 1 0
velarix/api/server.go:348.37,350.3 1 0
velarix/api/server.go:352.2,355.62 3 0
velarix/api/server.go:355.62,358.3 2 0
velarix/api/server.go:360.2,373.37 7 0
velarix/api/server.go:376.78,380.32 4 0
velarix/api/server.go:380.32,383.3 2 0
velarix/api/server.go:383.8,383.80 1 0
velarix/api/server.go:383.80,386.3 2 0
velarix/api/server.go:387.2,389.16 2 0
velarix/api/server.go:389.16,390.13 1 0
velarix/api/server.go:390.13,392.18 2 0
velarix/api/server.go:392.18,394.5 1 0
velarix/api/server.go:395.4,398.19 4 0
velarix/api/server.go:403.75,408.16 5 0
velarix/api/server.go:408.16,411.3 2 0
velarix/api/server.go:413.2,414.62 2 0
velarix/api/server.go:414.62,417.3 2 0
velarix/api/server.go:419.2,419.25 1 0
velarix/api/server.go:419.25,420.47 1 0
velarix/api/server.go:420.47,422.28 2 0
velarix/api/server.go:422.28,424.5 1 0
velarix/api/server.go:425.4,425.36 1 0
velarix/api/server.go:428.2,430.25 2 0
velarix/api/server.go:430.25,435.22 4 0
velarix/api/server.go:435.22,437.42 2 0
velarix/api/server.go:437.42,440.5 2 0
velarix/api/server.go:441.4,442.41 2 0
velarix/api/server.go:442.41,444.5 1 0
velarix/api/server.go:445.4,445.35 1 0
velarix/api/server.go:449.2,450.66 2 0
velarix/api/server.go:450.66,452.3 1 0
velarix/api/server.go:453.2,453.49 1 0
velarix/api/server.go:453.49,457.3 3 0
velarix/api/server.go:459.2,463.46 4 0
velarix/api/server.go:463.46,467.3 3 0
velarix/api/server.go:468.2,477.58 7 0
velarix/api/server.go:477.58,479.3 1 0
velarix/api/server.go:481.2,484.86 4 0
velarix/api/server.go:487.79,492.16 5 0
velarix/api/server.go:492.16,495.3 2 0
velarix/api/server.go:496.2,499.79 4 0
velarix/api/server.go:499.79,502.3 2 0
velarix/api/server.go:503.2,504.83 2 0
velarix/api/server.go:504.83,507.3 2 0
velarix/api/server.go:509.2,516.46 2 0
velarix/api/server.go:516.46,520.3 3 0
velarix/api/server.go:521.2,524.66 3 0
velarix/api/server.go:524.66,526.3 1 0
velarix/api/server.go:528.2,528.50 1 0
velarix/api/server.go:528.50,532.3 3 0
velarix/api/server.go:534.2,545.64 9 0
velarix/api/server.go:548.72,552.16 4 0
velarix/api/server.go:552.16,555.3 2 0
velarix/api/server.go:556.2,558.9 3 0
velarix/api/server.go:558.9,561.3 2 0
velarix/api/server.go:562.2,563.35 2 0
velarix/api/server.go:566.72,570.16 4 0
velarix/api/server.go:570.16,573.3 2 0
velarix/api/server.go:574.2,576.16 3 0
velarix/api/server.go:576.16,579.3 2 0
velarix/api/server.go:580.2,581.42 2 0
velarix/api/server.go:584.74,588.16 4 0
velarix/api/server.go:588.16,591.3 2 0
velarix/api/server.go:592.2,594.16 3 0
velarix/api/server.go:594.16,597.3 2 0
velarix/api/server.go:598.2,598.37 1 0
velarix/api/server.go:601.74,605.16 4 0
velarix/api/server.go:605.16,608.3 2 0
velarix/api/server.go:609.2,612.29 4 0
velarix/api/server.go:612.29,614.53 2 0
velarix/api/server.go:614.53,615.12 1 0
velarix/api/server.go:617.3,618.32 2 0
velarix/api/server.go:620.2,620.37 1 0
velarix/api/server.go:623.78,627.38 4 0
velarix/api/server.go:627.38,630.3 2 0
velarix/api/server.go:632.2,633.63 2 0
velarix/api/server.go:633.63,636.3 2 0
velarix/api/server.go:637.2,640.46 4 0
velarix/api/server.go:640.46,643.3 2 0
velarix/api/server.go:644.2,644.41 1 0
velarix/api/server.go:647.75,651.38 4 0
velarix/api/server.go:651.38,654.3 2 0
velarix/api/server.go:655.2,656.38 2 0
velarix/api/server.go:659.75,663.16 4 0
velarix/api/server.go:663.16,666.3 2 0
velarix/api/server.go:668.2,679.32 10 0
velarix/api/server.go:679.32,680.38 1 0
velarix/api/server.go:680.38,683.38 3 0
velarix/api/server.go:683.38,684.61 1 0
velarix/api/server.go:684.61,686.6 1 0
velarix/api/server.go:686.11,688.6 1 0
velarix/api/server.go:689.10,691.5 1 0
velarix/api/server.go:692.9,692.49 1 0
velarix/api/server.go:692.49,694.4 1 0
velarix/api/server.go:694.9,694.46 1 0
velarix/api/server.go:694.46,696.28 2 0
velarix/api/server.go:696.28,697.54 1 0
velarix/api/server.go:697.54,699.6 1 0
velarix/api/server.go:701.4,701.44 1 0
velarix/api/server.go:702.9,702.45 1 0
velarix/api/server.go:702.45,706.28 4 0
velarix/api/server.go:706.28,707.54 1 0
velarix/api/server.go:707.54,709.6 1 0
velarix/api/server.go:710.5,710.54 1 0
velarix/api/server.go:710.54,712.6 1 0
velarix/api/server.go:713.5,713.60 1 0
velarix/api/server.go:713.60,715.6 1 0
velarix/api/server.go:717.4,717.66 1 0
velarix/api/server.go:721.2,723.38 3 0
velarix/api/server.go:726.73,730.16 4 0
velarix/api/server.go:730.16,733.3 2 0
velarix/api/server.go:735.2,743.56 7 0
velarix/api/server.go:743.56,746.3 2 0
velarix/api/server.go:746.8,750.26 4 0
velarix/api/server.go:750.26,752.4 1 0
velarix/api/server.go:753.3,757.16 2 0
velarix/api/server.go:760.2,760.31 1 0
velarix/api/server.go:760.31,764.3 3 0
velarix/api/server.go:766.2,766.41 1 0
velarix/api/server.go:769.71,773.16 4 0
velarix/api/server.go:773.16,776.3 2 0
velarix/api/server.go:778.2,789.6 9 0
velarix/api/server.go:789.6,790.10 1 0
velarix/api/server.go:791.26,792.11 1 0
velarix/api/server.go:792.11,794.5 1 0
velarix/api/server.go:795.4,797.19 3 0
velarix/api/server.go:798.29,799.10 1 0
velarix/api/server.go:804.77,808.69 4 0
velarix/api/server.go:808.69,809.82 1 0
velarix/api/server.go:809.82,811.4 1 0
velarix/api/server.go:814.2,815.16 2 0
velarix/api/server.go:815.16,818.3 2 0
velarix/api/server.go:819.2,820.29 2 0
velarix/api/server.go:820.29,825.77 2 0
velarix/api/server.go:825.77,827.4 1 0
velarix/api/server.go:828.3,828.32 1 0
velarix/api/server.go:830.2,833.4 1 0
velarix/api/server.go:836.71,842.2 1 1
velarix/api/server.go:844.75,847.16 3 1
velarix/api/server.go:847.16,849.3 1 0
velarix/api/server.go:851.2,851.21 1 1
velarix/api/server.go:851.21,854.3 2 1
velarix/api/server.go:856.2,863.56 7 0
velarix/api/server.go:863.56,868.3 4 0
velarix/api/server.go:869.2,878.25 2 0
velarix/api/server.go:878.25,881.51 3 0
velarix/api/server.go:881.51,891.4 5 0
velarix/api/server.go:894.2,894.39 1 0
velarix/api/server.go:897.71,903.16 5 0
velarix/api/server.go:903.16,906.3 2 0
velarix/api/server.go:908.2,912.21 5 0
velarix/api/server.go:912.21,915.3 2 0
velarix/api/server.go:916.2,927.4 4 0
velarix/api/server.go:930.73,934.2 3 0
velarix/api/server.go:936.103,937.16 1 0
velarix/api/server.go:937.16,939.3 1 0
velarix/api/server.go:940.2,940.17 1 0
velarix/api/server.go:940.17,942.3 1 0
velarix/api/server.go:943.2,947.50 4 0
velarix/api/server.go:947.50,949.3 1 0
velarix/api/server.go:951.2,953.27 3 0
velarix/api/server.go:953.27,954.27 1 0
velarix/api/server.go:954.27,956.47 2 0
velarix/api/server.go:956.47,958.5 1 0
velarix/api/server.go:962.2,962.25 1 0
velarix/api/server.go:962.25,964.25 2 0
velarix/api/server.go:964.25,966.32 2 0
velarix/api/server.go:966.32,968.5 1 0
velarix/api/server.go:970.3,970.27 1 0
velarix/api/server.go:973.2,975.16 3 0
velarix/api/server.go:978.65,979.71 1 0
velarix/api/server.go:979.71,980.17 1 0
velarix/api/server.go:980.17,987.4 6 0
velarix/api/server.go:989.3,995.43 1 0
velarix/api/server.go:995.43,998.4 2 0
velarix/api/server.go:1000.3,1001.18 2 0
velarix/api/server.go:1001.18,1004.4 2 0
velarix/api/server.go:1005.3,1009.69 4 0
velarix/api/server.go:1009.69,1011.22 2 0
velarix/api/server.go:1011.22,1013.5 1 0
velarix/api/server.go:1014.4,1014.110 1 0
velarix/api/server.go:1014.110,1018.5 3 0
velarix/api/server.go:1019.4,1024.21 6 0
velarix/api/server.go:1024.21,1026.5 1 0
velarix/api/server.go:1027.4,1029.111 3 0
velarix/api/server.go:1029.111,1032.5 2 0
velarix/api/server.go:1033.4,1034.10 2 0
velarix/api/server.go:1037.3,1037.53 1 0
velarix/api/server.go:1037.53,1039.95 2 0
velarix/api/server.go:1039.95,1039.121 1 0
velarix/api/server.go:1040.4,1040.31 1 0
velarix/api/server.go:1040.31,1042.19 2 0
velarix/api/server.go:1042.19,1045.6 2 0
velarix/api/server.go:1046.5,1046.61 1 0
velarix/api/server.go:1046.61,1049.6 2 0
velarix/api/server.go:1050.5,1051.38 2 0
velarix/api/server.go:1051.38,1054.6 2 0
velarix/api/server.go:1055.5,1058.93 4 0
velarix/api/server.go:1058.93,1062.6 3 0
velarix/api/server.go:1063.5,1064.76 2 0
velarix/api/server.go:1064.76,1067.6 2 0
velarix/api/server.go:1068.5,1074.22 7 0
velarix/api/server.go:1074.22,1076.6 1 0
velarix/api/server.go:1077.5,1080.11 4 0
velarix/api/server.go:1084.3,1085.17 2 0
velarix/api/server.go:1085.17,1088.4 1 0
velarix/api/server.go:1089.3,1089.17 1 0
velarix/api/server.go:1089.17,1092.4 2 0
velarix/api/server.go:1094.3,1096.36 3 0
velarix/api/server.go:1096.36,1099.4 2 0
velarix/api/server.go:1100.3,1103.31 4 0
velarix/api/server.go:1103.31,1105.23 2 0
velarix/api/server.go:1105.23,1107.5 1 0
velarix/api/server.go:1107.10,1107.25 1 0
velarix/api/server.go:1107.25,1109.5 1 0
velarix/api/server.go:1109.10,1109.26 1 0
velarix/api/server.go:1109.26,1111.5 1 0
velarix/api/server.go:1112.4,1112.71 1 0
velarix/api/server.go:1112.71,1116.35 3 0
velarix/api/server.go:1116.35,1119.38 3 0
velarix/api/server.go:1119.38,1121.25 2 0
velarix/api/server.go:1121.25,1123.8 1 0
velarix/api/server.go:1124.7,1124.41 1 0
velarix/api/server.go:1126.6,1126.37 1 0
velarix/api/server.go:1126.37,1127.26 1 0
velarix/api/server.go:1127.26,1129.8 1 0
velarix/api/server.go:1129.13,1131.8 1 0
velarix/api/server.go:1133.6,1133.32 1 0
velarix/api/server.go:1133.32,1135.7 1 0
velarix/api/server.go:1136.6,1136.55 1 0
velarix/api/server.go:1138.5,1139.22 2 0
velarix/api/server.go:1139.22,1140.27 1 0
velarix/api/server.go:1140.27,1142.7 1 0
velarix/api/server.go:1142.12,1144.7 1 0
velarix/api/server.go:1146.5,1146.26 1 0
velarix/api/server.go:1146.26,1148.6 1 0
velarix/api/server.go:1149.5,1149.10 1 0
velarix/api/server.go:1152.3,1152.16 1 0
velarix/api/server.go:1152.16,1155.4 2 0
velarix/api/server.go:1156.3,1158.90 3 0
velarix/api/server.go:1158.90,1160.19 2 0
velarix/api/server.go:1160.19,1162.5 1 0
velarix/api/server.go:1163.4,1167.10 5 0
velarix/api/server.go:1169.3,1169.103 1 0
velarix/api/server.go:1169.103,1172.4 2 0
velarix/api/server.go:1174.3,1183.20 8 0
velarix/api/server.go:1183.20,1185.4 1 0
velarix/api/server.go:1186.3,1189.40 3 0
velarix/api/server.go:1193.42,1194.14 1 1
velarix/api/server.go:1195.15,1196.54 1 1
velarix/api/server.go:1197.17,1198.36 1 1
velarix/api/server.go:1199.10,1200.45 1 0
velarix/api/server.go:1204.62,1206.40 2 0
velarix/api/server.go:1206.40,1208.3 1 0
velarix/api/server.go:1209.2,1211.28 3 0
velarix/api/server.go:1211.28,1213.43 2 0
velarix/api/server.go:1213.43,1214.12 1 0
velarix/api/server.go:1216.3,1217.24 2 0
velarix/api/server.go:1219.2,1220.19 2 0
velarix/api/server.go:1220.19,1222.3 1 0
velarix/api/server.go:1223.2,1223.12 1 0
velarix/api/server.go:1226.50,1228.16 2 1
velarix/api/server.go:1228.16,1230.3 1 1
velarix/api/server.go:1231.2,1231.28 1 1
velarix/api/server.go:1231.28,1232.34 1 1
velarix/api/server.go:1232.34,1234.4 1 1
velarix/api/server.go:1236.2,1236.14 1 1
velarix/api/server.go:1239.54,1244.59 3 1
velarix/api/server.go:1244.59,1246.3 1 1
velarix/api/server.go:1247.2,1247.41 1 1
velarix/api/server.go:1247.41,1249.3 1 0
velarix/api/server.go:1250.2,1250.52 1 1
velarix/api/server.go:1250.52,1252.3 1 0
velarix/api/server.go:1253.2,1253.45 1 1
velarix/api/server.go:1253.45,1255.3 1 0
velarix/api/server.go:1256.2,1256.68 1 1
velarix/api/server.go:1256.68,1258.3 1 0
velarix/api/server.go:1259.2,1259.52 1 1
velarix/api/server.go:1259.52,1262.3 1 0
velarix/api/server.go:1263.2,1263.58 1 1
velarix/api/server.go:1263.58,1265.3 1 0
velarix/api/server.go:1266.2,1266.42 1 1
velarix/api/server.go:1266.42,1268.3 1 1
velarix/api/server.go:1269.2,1269.59 1 1
velarix/api/server.go:1269.59,1271.3 1 0
velarix/api/server.go:1274.2,1274.81 1 1
velarix/api/server.go:1274.81,1276.3 1 0
velarix/api/server.go:1278.2,1278.64 1 1
velarix/api/server.go:1278.64,1280.3 1 1
velarix/api/server.go:1281.2,1281.16 1 0
velarix/api/server.go:1284.97,1287.2 2 0
velarix/api/server.go:1289.24,1290.11 1 0
velarix/api/server.go:1290.11,1292.3 1 0
velarix/api/server.go:1293.2,1293.10 1 0
velarix/api/server.go:1296.41,1305.37 6 0
velarix/api/server.go:1305.37,1306.37 1 0
velarix/api/server.go:1306.37,1311.4 4 0
velarix/api/server.go:1316.2,1316.58 1 0
velarix/api/server.go:1316.58,1322.38 3 0
velarix/api/server.go:1322.38,1324.4 1 0
velarix/api/server.go:1325.3,1325.40 1 0
velarix/api/server.go:1325.40,1327.4 1 0
velarix/api/server.go:1330.3,1331.32 2 0
velarix/api/server.go:1331.32,1337.4 5 0
velarix/api/server.go:1339.2,1339.45 1 0
velarix/api/server.go:1342.40,1344.12 2 0
velarix/api/server.go:1344.12,1345.22 1 0
velarix/api/server.go:1345.22,1347.4 1 0
velarix/api/server.go:1351.38,1353.12 2 0
velarix/api/server.go:1353.12,1354.22 1 0
velarix/api/server.go:1354.22,1356.18 2 0
velarix/api/server.go:1356.18,1359.19 3 0
velarix/api/server.go:1359.19,1361.6 1 0
velarix/api/server.go:1361.11,1363.6 1 0
velarix/api/server.go:1369.41,1371.96 2 0
velarix/api/server.go:1371.96,1372.65 1 0
velarix/api/server.go:1372.65,1374.4 1 0
velarix/api/server.go:1377.2,1378.12 2 0
velarix/api/server.go:1378.12,1379.22 1 0
velarix/api/server.go:1379.22,1381.18 2 0
velarix/api/server.go:1381.18,1383.13 2 0
velarix/api/server.go:1385.4,1385.120 1 0
velarix/api/server.go:1385.120,1391.5 1 0
velarix/api/server.go:1396.71,1399.16 3 0
velarix/api/server.go:1399.16,1401.3 1 0
velarix/api/server.go:1402.2,1402.21 1 0
velarix/api/server.go:1402.21,1405.3 2 0
velarix/api/server.go:1407.2,1408.47 2 0
velarix/api/server.go:1408.47,1412.3 3 0
velarix/api/server.go:1413.2,1416.48 4 0
velarix/api/server.go:1416.48,1419.3 2 0
velarix/api/server.go:1420.2,1420.108 1 0
velarix/api/server.go:1423.72,1424.28 1 0
velarix/api/server.go:1424.28,1427.3 2 0
velarix/api/server.go:1429.2,1429.48 1 0
velarix/api/server.go:1429.48,1432.3 2 0
velarix/api/server.go:1433.2,1434.70 2 0
velarix/api/server.go:1443.50,1446.2 2 1
velarix/api/server.go:1448.55,1449.21 1 1
velarix/api/server.go:1449.21,1451.3 1 1
velarix/api/server.go:1452.2,1452.34 1 1
velarix/api/server.go:1455.78,1456.71 1 0
velarix/api/server.go:1456.71,1468.24 7 0
velarix/api/server.go:1468.24,1471.4 2 0
velarix/api/server.go:1471.9,1473.25 2 0
velarix/api/server.go:1473.25,1475.5 1 0
velarix/api/server.go:1478.3,1478.79 1 0
velarix/api/server.go:1483.71,1484.71 1 0
velarix/api/server.go:1484.71,1489.18 4 0
velarix/api/server.go:1489.18,1491.4 1 0
velarix/api/server.go:1492.3,1493.21 2 0
velarix/api/server.go:1493.21,1495.4 1 0
velarix/api/server.go:1496.3,1497.69 2 0
velarix/api/server.go:1501.70,1502.71 1 0
velarix/api/server.go:1502.71,1508.18 5 0
velarix/api/server.go:1508.18,1510.4 1 0
velarix/api/server.go:1511.3,1519.21 7 0
velarix/api/server.go:1519.21,1521.4 1 0
velarix/api/server.go:1522.3,1535.5 1 0
velarix/api/server.go:1546.55,1549.2 2 0
velarix/api/server.go:1551.60,1552.55 1 0
velarix/api/server.go:1552.55,1554.20 2 0
velarix/api/server.go:1554.20,1555.27 1 0
velarix/api/server.go:1555.27,1557.5 1 0
velarix/api/server.go:1557.10,1559.5 1 0
velarix/api/server.go:1562.2,1562.34 1 0
velarix/api/server.go:1565.72,1566.71 1 0
velarix/api/server.go:1566.71,1567.19 1 0
velarix/api/server.go:1568.41,1568.41 0 0
velarix/api/server.go:1569.11,1571.10 2 0
velarix/api/server.go:1574.3,1575.16 2 0
velarix/api/server.go:1575.16,1578.4 2 0
velarix/api/server.go:1580.3,1581.18 2 0
velarix/api/server.go:1581.18,1584.4 2 0
velarix/api/server.go:1586.3,1590.91 4 0
velarix/api/server.go:1590.91,1591.29 1 0
velarix/api/server.go:1591.29,1593.5 1 0
velarix/api/server.go:1594.4,1594.36 1 0
velarix/api/server.go:1594.36,1595.29 1 0
velarix/api/server.go:1595.29,1597.6 1 0
velarix/api/server.go:1599.4,1602.25 4 0
velarix/api/server.go:1602.25,1604.5 1 0
velarix/api/server.go:1605.4,1605.10 1 0
velarix/api/server.go:1608.3,1612.65 4 0
velarix/api/server.go:1612.65,1620.4 1 0
velarix/api/server.go:1624.81,1635.24 8 0
velarix/api/server.go:1635.24,1638.22 2 0
velarix/api/server.go:1638.22,1641.4 2 0
velarix/api/server.go:1642.3,1646.21 3 0
velarix/api/server.go:1646.21,1649.4 2 0
velarix/api/server.go:1652.3,1653.33 2 0
velarix/api/server.go:1653.33,1654.22 1 0
velarix/api/server.go:1655.27,1656.26 1 0
velarix/api/server.go:1656.26,1658.6 1 0
velarix/api/server.go:1659.31,1660.40 1 0
velarix/api/server.go:1661.28,1663.29 2 0
velarix/api/server.go:1663.29,1664.55 1 0
velarix/api/server.go:1664.55,1666.7 1 0
velarix/api/server.go:1668.5,1668.45 1 0
velarix/api/server.go:1669.27,1673.29 4 0
velarix/api/server.go:1673.29,1674.55 1 0
velarix/api/server.go:1674.55,1676.7 1 0
velarix/api/server.go:1677.6,1677.55 1 0
velarix/api/server.go:1677.55,1679.7 1 0
velarix/api/server.go:1680.6,1680.61 1 0
velarix/api/server.go:1680.61,1682.7 1 0
velarix/api/server.go:1684.5,1684.67 1 0
velarix/api/server.go:1687.8,1691.20 4 0
velarix/api/server.go:1691.20,1694.4 2 0
velarix/api/server.go:1697.2,1697.18 1 0
velarix/api/server.go:1697.18,1699.22 2 0
velarix/api/server.go:1699.22,1702.4 2 0
velarix/api/server.go:1704.3,1704.34 1 0
velarix/api/server.go:1707.2,1708.16 2 0
velarix/api/server.go:1708.16,1711.3 2 0
velarix/api/server.go:1712.2,1717.16 4 0
velarix/api/server.go:1717.16,1720.3 2 0
velarix/api/server.go:1722.2,1724.42 2 0
velarix/api/server.go:1727.80,1733.38 4 0
velarix/api/server.go:1733.38,1736.3 2 0
velarix/api/server.go:1738.2,1739.16 2 0
velarix/api/server.go:1739.16,1742.3 2 0
velarix/api/server.go:1744.2,1744.20 1 0
velarix/api/server.go:1744.20,1746.3 1 0
velarix/api/server.go:1748.2,1748.38 1 0
velarix/api/server.go:1751.40,1755.88 2 0
velarix/api/server.go:1755.88,1755.133 1 0
velarix/api/server.go:1756.2,1756.88 1 0
velarix/api/server.go:1756.88,1756.133 1 0
velarix/api/server.go:1757.2,1874.16 107 0
velarix/api/server.go:1874.16,1876.89 2 0
velarix/api/server.go:1876.89,1876.134 1 0
velarix/api/server.go:1877.3,1877.89 1 0
velarix/api/server.go:1877.89,1877.134 1 0
velarix/api/server.go:1878.3,1921.10 43 0
velarix/api/server.go:1924.2,1932.10 9 0
velarix/api/slice_selection.go:30.74,40.25 2 0
velarix/api/slice_selection.go:40.25,41.23 1 0
velarix/api/slice_selection.go:41.23,43.4 1 0
velarix/api/slice_selection.go:43.9,45.4 1 0
velarix/api/slice_selection.go:47.2,47.66 1 0
velarix/api/slice_selection.go:47.66,48.65 1 0
velarix/api/slice_selection.go:48.65,49.20 1 0
velarix/api/slice_selection.go:49.20,51.5 1 0
velarix/api/slice_selection.go:52.4,52.26 1 0
velarix/api/slice_selection.go:55.2,55.66 1 0
velarix/api/slice_selection.go:55.66,56.65 1 0
velarix/api/slice_selection.go:56.65,58.4 1 0
velarix/api/slice_selection.go:60.2,60.66 1 0
velarix/api/slice_selection.go:60.66,62.3 1 0
velarix/api/slice_selection.go:63.2,63.13 1 0
velarix/api/slice_selection.go:66.66,78.2 1 0
velarix/api/slice_selection.go:80.86,83.118 3 0
velarix/api/slice_selection.go:83.118,85.25 2 0
velarix/api/slice_selection.go:85.25,87.4 1 0
velarix/api/slice_selection.go:88.3,88.100 1 0
velarix/api/slice_selection.go:88.100,90.4 1 0
velarix/api/slice_selection.go:93.2,94.29 2 0
velarix/api/slice_selection.go:94.29,96.64 2 0
velarix/api/slice_selection.go:96.64,97.12 1 0
velarix/api/slice_selection.go:99.3,102.33 4 0
velarix/api/slice_selection.go:102.33,104.4 1 0
velarix/api/slice_selection.go:105.3,105.68 1 0
velarix/api/slice_selection.go:105.68,107.4 1 0
velarix/api/slice_selection.go:108.3,108.23 1 0
velarix/api/slice_selection.go:108.23,111.4 2 0
velarix/api/slice_selection.go:112.3,112.69 1 0
velarix/api/slice_selection.go:115.2,115.41 1 0
velarix/api/slice_selection.go:115.41,116.41 1 0
velarix/api/slice_selection.go:116.41,118.4 1 0
velarix/api/slice_selection.go:119.3,119.43 1 0
velarix/api/slice_selection.go:122.2,125.37 4 0
velarix/api/slice_selection.go:125.37,126.15 1 0
velarix/api/slice_selection.go:126.15,128.4 1 0
velarix/api/slice_selection.go:129.3,129.45 1 0
velarix/api/slice_selection.go:129.45,131.4 1 0
velarix/api/slice_selection.go:132.3,132.37 1 0
velarix/api/slice_selection.go:132.37,134.4 1 0
velarix/api/slice_selection.go:135.3,136.76 2 0
velarix/api/slice_selection.go:136.76,138.4 1 0
velarix/api/slice_selection.go:139.3,141.25 3 0
velarix/api/slice_selection.go:141.25,143.4 1 0
velarix/api/slice_selection.go:144.3,144.14 1 0
velarix/api/slice_selection.go:147.2,147.35 1 0
velarix/api/slice_selection.go:147.35,148.31 1 0
velarix/api/slice_selection.go:148.31,149.9 1 0
velarix/api/slice_selection.go:151.3,151.32 1 0
velarix/api/slice_selection.go:151.32,152.12 1 0
velarix/api/slice_selection.go:154.3,155.17 2 0
velarix/api/slice_selection.go:155.17,156.12 1 0
velarix/api/slice_selection.go:158.3,159.30 2 0
velarix/api/slice_selection.go:159.30,161.11 2 0
velarix/api/slice_selection.go:161.11,162.13 1 0
velarix/api/slice_selection.go:164.4,165.77 2 0
velarix/api/slice_selection.go:165.77,166.13 1 0
velarix/api/slice_selection.go:168.4,168.21 1 0
velarix/api/slice_selection.go:168.21,169.10 1 0
velarix/api/slice_selection.go:172.3,172.37 1 0
velarix/api/slice_selection.go:172.37,173.9 1 0
velarix/api/slice_selection.go:177.2,177.17 1 0
velarix/api/slice_selection.go:180.59,181.21 1 0
velarix/api/slice_selection.go:181.21,183.3 1 0
velarix/api/slice_selection.go:184.2,186.29 3 0
velarix/api/slice_selection.go:186.29,189.25 3 0
velarix/api/slice_selection.go:189.25,191.4 1 0
velarix/api/slice_selection.go:192.3,201.38 2 0
velarix/api/slice_selection.go:201.38,204.4 2 0
velarix/api/slice_selection.go:205.3,207.27 3 0
velarix/api/slice_selection.go:209.2,209.19 1 0
velarix/api/slice_selection.go:212.62,214.42 2 0
velarix/api/slice_selection.go:214.42,216.3 1 0
velarix/api/slice_selection.go:217.2,219.36 3 0
velarix/api/slice_selection.go:219.36,220.51 1 0
velarix/api/slice_selection.go:220.51,222.4 1 0
velarix/api/slice_selection.go:224.2,224.53 1 0
velarix/api/slice_selection.go:227.46,228.43 1 0
velarix/api/slice_selection.go:228.43,229.10 1 0
velarix/api/slice_selection.go:230.49,231.29 1 0
velarix/api/slice_selection.go:232.27,233.14 1 0
velarix/api/slice_selection.go:234.11,235.14 1 0
velarix/api/slice_selection.go:238.2,238.32 1 0
velarix/api/slice_selection.go:241.46,242.14 1 0
velarix/api/slice_selection.go:242.14,244.3 1 0
velarix/api/slice_selection.go:245.2,247.62 3 0
velarix/api/slice_selection.go:250.27,251.11 1 0
velarix/api/slice_selection.go:251.11,253.3 1 0
velarix/api/slice_selection.go:254.2,254.10 1 0
velarix/api/usage_contracts.go:23.83,28.23 4 0
velarix/api/usage_contracts.go:28.23,29.53 1 0
velarix/api/usage_contracts.go:29.53,31.15 2 0
velarix/api/usage_contracts.go:31.15,33.5 1 0
velarix/api/usage_contracts.go:36.2,36.23 1 0
velarix/api/usage_contracts.go:36.23,45.3 1 0
velarix/api/usage_contracts.go:47.2,50.45 4 0
velarix/api/usage_contracts.go:50.45,51.61 1 0
velarix/api/usage_contracts.go:51.61,53.4 1 0
velarix/api/usage_contracts.go:55.2,55.43 1 0
velarix/api/usage_contracts.go:55.43,56.61 1 0
velarix/api/usage_contracts.go:56.61,58.4 1 0
velarix/api/usage_contracts.go:61.2,63.16 3 0
velarix/api/usage_contracts.go:64.20,65.19 1 0
velarix/api/usage_contracts.go:66.14,67.24 1 0
velarix/api/usage_contracts.go:68.13,69.29 1 0
velarix/api/usage_contracts.go:70.10,72.9 2 0
velarix/api/usage_contracts.go:75.2,76.33 2 0
velarix/api/usage_contracts.go:76.33,78.17 2 0
velarix/api/usage_contracts.go:78.17,81.4 2 0
velarix/api/usage_contracts.go:82.3,83.28 2 0
velarix/api/usage_contracts.go:83.28,85.4 1 0
velarix/api/usage_contracts.go:86.3,86.76 1 0
velarix/api/usage_contracts.go:89.2,94.4 1 0
velarix/api/usage_contracts.go:97.82,100.16 3 0
velarix/api/usage_contracts.go:100.16,103.3 2 0
velarix/api/usage_contracts.go:105.2,115.34 4 0
velarix/api/usage_contracts.go:115.34,117.3 1 0
velarix/api/usage_contracts.go:118.2,118.45 1 0
velarix/api/usage_contracts.go:118.45,118.97 1 0
velarix/api/usage_contracts.go:120.2,121.32 2 0
velarix/api/usage_contracts.go:121.32,123.3 1 0
velarix/api/usage_contracts.go:124.2,124.43 1 0
velarix/api/usage_contracts.go:124.43,124.91 1 0
velarix/api/usage_contracts.go:126.2,130.4 1 0
